13-Oct-2025 21:51:50.878 INFO [main] org.apache.catalina.startup.VersionLoggerListener.log Nombre de la versión del servidor: Apache Tomcat/11.0.12
13-Oct-2025 21:51:50.882 INFO [main] org.apache.catalina.startup.VersionLoggerListener.log Server built:                      Oct 1 2025 07:01:27 UTC
13-Oct-2025 21:51:50.882 INFO [main] org.apache.catalina.startup.VersionLoggerListener.log Número de versión de servidor:     11.0.12.0
13-Oct-2025 21:51:50.882 INFO [main] org.apache.catalina.startup.VersionLoggerListener.log OS Name:                           Windows 11
13-Oct-2025 21:51:50.883 INFO [main] org.apache.catalina.startup.VersionLoggerListener.log Versión de Systema Operativo:      10.0
13-Oct-2025 21:51:50.883 INFO [main] org.apache.catalina.startup.VersionLoggerListener.log Arquitectura:                      amd64
13-Oct-2025 21:51:50.883 INFO [main] org.apache.catalina.startup.VersionLoggerListener.log Java Home:                         C:\Program Files\Java\jdk-17
13-Oct-2025 21:51:50.883 INFO [main] org.apache.catalina.startup.VersionLoggerListener.log JVM Version:                       17.0.12+8-LTS-286
13-Oct-2025 21:51:50.883 INFO [main] org.apache.catalina.startup.VersionLoggerListener.log Vededor JVM:                       Oracle Corporation
13-Oct-2025 21:51:50.883 INFO [main] org.apache.catalina.startup.VersionLoggerListener.log CATALINA_BASE:                     C:\Users\Josec\OneDrive\Escritorio\LabPAA\app-web-jsp\tomcat
13-Oct-2025 21:51:50.884 INFO [main] org.apache.catalina.startup.VersionLoggerListener.log CATALINA_HOME:                     C:\Users\Josec\OneDrive\Escritorio\LabPAA\app-web-jsp\tomcat
13-Oct-2025 21:51:50.893 INFO [main] org.apache.catalina.startup.VersionLoggerListener.log Command line argument:             -Djava.util.logging.config.file=C:\Users\Josec\OneDrive\Escritorio\LabPAA\app-web-jsp\tomcat\conf\logging.properties
13-Oct-2025 21:51:50.893 INFO [main] org.apache.catalina.startup.VersionLoggerListener.log Command line argument:             -Djava.util.logging.manager=org.apache.juli.ClassLoaderLogManager
13-Oct-2025 21:51:50.893 INFO [main] org.apache.catalina.startup.VersionLoggerListener.log Command line argument:             -Djdk.tls.ephemeralDHKeySize=2048
13-Oct-2025 21:51:50.893 INFO [main] org.apache.catalina.startup.VersionLoggerListener.log Command line argument:             --add-opens=java.base/java.lang=ALL-UNNAMED
13-Oct-2025 21:51:50.893 INFO [main] org.apache.catalina.startup.VersionLoggerListener.log Command line argument:             --add-opens=java.base/java.lang.reflect=ALL-UNNAMED
13-Oct-2025 21:51:50.894 INFO [main] org.apache.catalina.startup.VersionLoggerListener.log Command line argument:             --add-opens=java.base/java.io=ALL-UNNAMED
13-Oct-2025 21:51:50.894 INFO [main] org.apache.catalina.startup.VersionLoggerListener.log Command line argument:             --add-opens=java.base/java.util=ALL-UNNAMED
13-Oct-2025 21:51:50.894 INFO [main] org.apache.catalina.startup.VersionLoggerListener.log Command line argument:             --add-opens=java.base/java.util.concurrent=ALL-UNNAMED
13-Oct-2025 21:51:50.894 INFO [main] org.apache.catalina.startup.VersionLoggerListener.log Command line argument:             --add-opens=java.rmi/sun.rmi.transport=ALL-UNNAMED
13-Oct-2025 21:51:50.894 INFO [main] org.apache.catalina.startup.VersionLoggerListener.log Command line argument:             --enable-native-access=ALL-UNNAMED
13-Oct-2025 21:51:50.894 INFO [main] org.apache.catalina.startup.VersionLoggerListener.log Command line argument:             -Dcatalina.base=C:\Users\Josec\OneDrive\Escritorio\LabPAA\app-web-jsp\tomcat
13-Oct-2025 21:51:50.894 INFO [main] org.apache.catalina.startup.VersionLoggerListener.log Command line argument:             -Dcatalina.home=C:\Users\Josec\OneDrive\Escritorio\LabPAA\app-web-jsp\tomcat
13-Oct-2025 21:51:50.895 INFO [main] org.apache.catalina.startup.VersionLoggerListener.log Command line argument:             -Djava.io.tmpdir=C:\Users\Josec\OneDrive\Escritorio\LabPAA\app-web-jsp\tomcat\temp
13-Oct-2025 21:51:50.937 INFO [main] org.apache.catalina.core.AprLifecycleListener.lifecycleEvent La biblioteca nativa de Apache Tomcat basada en ARP que permite un rendimiento óptimo en entornos de desarrollo no ha sido hallada en java.library.path: [C:\Program Files\Java\jdk-17\bin;C:\Windows\Sun\Java\bin;C:\Windows\system32;C:\Windows;C:\Program Files\Java\jdk-17\bin;C:\Program Files\Common Files\Oracle\Java\javapath;C:\Program Files (x86)\Common Files\Oracle\Java\java8path;C:\Program Files (x86)\Common Files\Oracle\Java\javapath;C:\Windows\system32;C:\Windows;C:\Windows\System32\Wbem;C:\Windows\System32\WindowsPowerShell\v1.0\;C:\Windows\System32\OpenSSH\;C:\Program Files\Git\cmd;C:\Program Files\nodejs\;C:\laragon\bin\php\php-8.4.3-Win32-vs17-x64;C:\Users\Josec\composer.phar;C:\ProgramData\ComposerSetup\bin;C:\Program Files\NVIDIA Corporation\NVIDIA app\NvDLISR;C:\Program Files (x86)\SoftDevLabs\CTCI-WIN;C:\Program Files (x86)\SoftDevLabs\FishLib;C:\curl;C:\Program Files (x86)\NVIDIA Corporation\PhysX\Common;C:\msys64\ucrt64\bin;C:\ProgramData\chocolatey\bin;C:\Users\Josec\.config\herd\bin\nvm;C:\Program Files\nodejs;C:\Program Files\Docker\Docker\resources\bin;C:\Program Files\Java\jdk-24;C:\Program Files\Java\jdk-24\bin;c:\Users\Josec\AppData\Local\Programs\cursor\resources\app\bin;C:\Maven\apache-maven-3.9.10\bin;C:\sonar-scanner-7.1.0.4889-windows-x64\bin;C:\Program Files\PuTTY\;C:\Program Files\dotnet\;C:\Program Files\Cloudflare\Cloudflare WARP\;C:\Users\Josec\AppData\Local\Programs\Python\Python313\Scripts\;C:\Users\Josec\AppData\Local\Programs\Python\Python313\;C:\Users\Josec\AppData\Local\Programs\Python\Launcher\;C:\Program Files\Java\jdk-17\bin;C:\Users\Josec\.config\herd\bin;C:\Users\Josec\scoop\shims;C:\laragon\bin;C:\laragon\bin\apache\httpd-2.4.62-240904-win64-VS17\bin;C:\laragon\bin\composer;C:\laragon\bin\git\bin;C:\laragon\bin\git\cmd;C:\laragon\bin\git\mingw64\bin;C:\laragon\bin\git\usr\bin;C:\laragon\bin\laragon\utils;C:\laragon\bin\mysql\mysql-8.0.30-winx64\bin;C:\laragon\bin\nginx\nginx-1.22.0;C:\laragon\bin\ngrok;C:\laragon\bin\nodejs\node-v18;C:\laragon\bin\notepad++;C:\laragon\bin\php\php-8.4.3-Win32-vs17-x64;C:\laragon\bin\python\python-3.10;C:\laragon\bin\python\python-3.10\Scripts;C:\laragon\bin\redis\redis-x64-5.0.14.1;C:\laragon\bin\telnet;C:\laragon\usr\bin;C:\Users\Josec\AppData\Local\Yarn\config\global\node_modules\.bin;C:\Users\Josec\AppData\Roaming\Composer\vendor\bin;C:\Users\Josec\AppData\Roaming\npm;C:\Users\Josec\AppData\Local\Microsoft\WindowsApps;C:\Users\Josec\AppData\Local\Programs\Microsoft VS Code\bin;C:\Users\Josec\AppData\Local\ComposerSetup\bin;C:\Program Files\Tesseract-OCR;C:\Program Files\JetBrains\IntelliJ IDEA 2025.1.1.1\bin;;C:\Maven\apache-maven-3.9.10;C:\sonar-scanner-7.1.0.4889-windows-x64\bin;C:\Users\Josec\.dotnet\tools;C:\Program Files\JetBrains\PyCharm 2025.2.1.1\bin;C:\Drivers\allure-2.13.9\bin;;.]
13-Oct-2025 21:51:51.086 INFO [main] org.apache.coyote.AbstractProtocol.init Inicializando el manejador de protocolo ["http-nio-8080"]

13-Oct-2025 21:51:51.096 SEVERE [main] org.apache.catalina.util.LifecycleBase.handleSubClassException Fallo al iniciar el componente [Connector["http-nio-8080"]]
	org.apache.catalina.LifecycleException: Falló la inicialización del manejador de protocolo
		at org.apache.catalina.connector.Connector.initInternal(Connector.java:1076)
		at org.apache.catalina.util.LifecycleBase.init(LifecycleBase.java:122)
		at org.apache.catalina.core.StandardService.initInternal(StandardService.java:520)
		at org.apache.catalina.util.LifecycleBase.init(LifecycleBase.java:122)
		at org.apache.catalina.core.StandardServer.initInternal(StandardServer.java:951)
		at org.apache.catalina.util.LifecycleBase.init(LifecycleBase.java:122)
		at org.apache.catalina.startup.Catalina.load(Catalina.java:707)
		at org.apache.catalina.startup.Catalina.load(Catalina.java:730)
		at java.base/jdk.internal.reflect.NativeMethodAccessorImpl.invoke0(Native Method)
		at java.base/jdk.internal.reflect.NativeMethodAccessorImpl.invoke(NativeMethodAccessorImpl.java:77)
		at java.base/jdk.internal.reflect.DelegatingMethodAccessorImpl.invoke(DelegatingMethodAccessorImpl.java:43)
		at java.base/java.lang.reflect.Method.invoke(Method.java:568)
		at org.apache.catalina.startup.Bootstrap.load(Bootstrap.java:296)
		at org.apache.catalina.startup.Bootstrap.main(Bootstrap.java:469)
	Caused by: java.net.BindException: Address already in use: bind
		at java.base/sun.nio.ch.Net.bind0(Native Method)
		at java.base/sun.nio.ch.Net.bind(Net.java:555)
		at java.base/sun.nio.ch.ServerSocketChannelImpl.netBind(ServerSocketChannelImpl.java:337)
		at java.base/sun.nio.ch.ServerSocketChannelImpl.bind(ServerSocketChannelImpl.java:294)
		at org.apache.tomcat.util.net.NioEndpoint.initServerSocket(NioEndpoint.java:267)
		at org.apache.tomcat.util.net.NioEndpoint.bind(NioEndpoint.java:222)
		at org.apache.tomcat.util.net.AbstractEndpoint.bindWithCleanup(AbstractEndpoint.java:1602)
		at org.apache.tomcat.util.net.AbstractEndpoint.init(AbstractEndpoint.java:1615)
		at org.apache.coyote.AbstractProtocol.init(AbstractProtocol.java:633)
		at org.apache.coyote.http11.AbstractHttp11Protocol.init(AbstractHttp11Protocol.java:83)
		at org.apache.catalina.connector.Connector.initInternal(Connector.java:1074)
		... 13 more
13-Oct-2025 21:51:51.097 INFO [main] org.apache.catalina.startup.Catalina.load Server initialization in [354] milliseconds
13-Oct-2025 21:51:51.130 INFO [main] org.apache.catalina.core.StandardService.startInternal Arrancando servicio [Catalina]
13-Oct-2025 21:51:51.130 INFO [main] org.apache.catalina.core.StandardEngine.startInternal Starting Servlet engine: [Apache Tomcat/11.0.12]
13-Oct-2025 21:51:51.148 INFO [main] org.apache.catalina.startup.HostConfig.deployWAR Despliegue del archivo [C:\Users\Josec\OneDrive\Escritorio\LabPAA\app-web-jsp\tomcat\webapps\app-web-jsp.war] de la aplicación web
13-Oct-2025 21:51:54.179 INFO [main] org.apache.jasper.servlet.TldScanner.scanJars Al menos un JAR, que se ha explorado buscando TLDs, aún no contenía TLDs. Activar historial de depuración para este historiador para una completa lista de los JARs que fueron explorados y de los que nos se halló TLDs. Saltarse JARs no necesarios durante la exploración puede dar lugar a una mejora de tiempo significativa en el arranque y compilación de JSP .
13-Oct-2025 21:51:54.290 INFO [main] org.apache.catalina.startup.HostConfig.deployWAR Deployment of web application archive [C:\Users\Josec\OneDrive\Escritorio\LabPAA\app-web-jsp\tomcat\webapps\app-web-jsp.war] has finished in [3.142] ms
13-Oct-2025 21:51:54.291 INFO [main] org.apache.catalina.startup.HostConfig.deployDirectory Desplegando el directorio [C:\Users\Josec\OneDrive\Escritorio\LabPAA\app-web-jsp\tomcat\webapps\docs] de la aplicación web
13-Oct-2025 21:51:54.340 INFO [main] org.apache.catalina.startup.HostConfig.deployDirectory Deployment of web application directory [C:\Users\Josec\OneDrive\Escritorio\LabPAA\app-web-jsp\tomcat\webapps\docs] has finished in [49] ms
13-Oct-2025 21:51:54.341 INFO [main] org.apache.catalina.startup.HostConfig.deployDirectory Desplegando el directorio [C:\Users\Josec\OneDrive\Escritorio\LabPAA\app-web-jsp\tomcat\webapps\examples] de la aplicación web
13-Oct-2025 21:51:54.900 INFO [main] org.apache.catalina.startup.HostConfig.deployDirectory Deployment of web application directory [C:\Users\Josec\OneDrive\Escritorio\LabPAA\app-web-jsp\tomcat\webapps\examples] has finished in [559] ms
13-Oct-2025 21:51:54.900 INFO [main] org.apache.catalina.startup.HostConfig.deployDirectory Desplegando el directorio [C:\Users\Josec\OneDrive\Escritorio\LabPAA\app-web-jsp\tomcat\webapps\host-manager] de la aplicación web
13-Oct-2025 21:51:54.951 INFO [main] org.apache.catalina.startup.HostConfig.deployDirectory Deployment of web application directory [C:\Users\Josec\OneDrive\Escritorio\LabPAA\app-web-jsp\tomcat\webapps\host-manager] has finished in [51] ms
13-Oct-2025 21:51:54.951 INFO [main] org.apache.catalina.startup.HostConfig.deployDirectory Desplegando el directorio [C:\Users\Josec\OneDrive\Escritorio\LabPAA\app-web-jsp\tomcat\webapps\manager] de la aplicación web
13-Oct-2025 21:51:54.999 INFO [main] org.apache.catalina.startup.HostConfig.deployDirectory Deployment of web application directory [C:\Users\Josec\OneDrive\Escritorio\LabPAA\app-web-jsp\tomcat\webapps\manager] has finished in [48] ms
13-Oct-2025 21:51:54.999 INFO [main] org.apache.catalina.startup.HostConfig.deployDirectory Desplegando el directorio [C:\Users\Josec\OneDrive\Escritorio\LabPAA\app-web-jsp\tomcat\webapps\ROOT] de la aplicación web
13-Oct-2025 21:51:55.034 INFO [main] org.apache.catalina.startup.HostConfig.deployDirectory Deployment of web application directory [C:\Users\Josec\OneDrive\Escritorio\LabPAA\app-web-jsp\tomcat\webapps\ROOT] has finished in [35] ms
13-Oct-2025 21:51:55.038 INFO [main] org.apache.catalina.startup.Catalina.start Server startup in [3939] milliseconds
13-Oct-2025 21:52:07.483 INFO [Thread-1] org.apache.coyote.AbstractProtocol.pause Pausing ProtocolHandler ["http-nio-8080"]
13-Oct-2025 21:52:07.484 INFO [Thread-1] org.apache.catalina.core.StandardService.stopInternal Parando servicio [Catalina]
13-Oct-2025 21:52:07.499 INFO [Thread-1] org.apache.coyote.AbstractProtocol.stop Stopping ProtocolHandler ["http-nio-8080"]
13-Oct-2025 21:52:07.499 INFO [Thread-1] org.apache.coyote.AbstractProtocol.destroy Destroying ProtocolHandler ["http-nio-8080"]
13-Oct-2025 21:53:21.151 INFO [main] org.apache.catalina.startup.VersionLoggerListener.log Nombre de la versión del servidor: Apache Tomcat/11.0.12
13-Oct-2025 21:53:21.155 INFO [main] org.apache.catalina.startup.VersionLoggerListener.log Server built:                      Oct 1 2025 07:01:27 UTC
13-Oct-2025 21:53:21.155 INFO [main] org.apache.catalina.startup.VersionLoggerListener.log Número de versión de servidor:     11.0.12.0
13-Oct-2025 21:53:21.155 INFO [main] org.apache.catalina.startup.VersionLoggerListener.log OS Name:                           Windows 11
13-Oct-2025 21:53:21.155 INFO [main] org.apache.catalina.startup.VersionLoggerListener.log Versión de Systema Operativo:      10.0
13-Oct-2025 21:53:21.155 INFO [main] org.apache.catalina.startup.VersionLoggerListener.log Arquitectura:                      amd64
13-Oct-2025 21:53:21.155 INFO [main] org.apache.catalina.startup.VersionLoggerListener.log Java Home:                         C:\Program Files\Java\jdk-17
13-Oct-2025 21:53:21.156 INFO [main] org.apache.catalina.startup.VersionLoggerListener.log JVM Version:                       17.0.12+8-LTS-286
13-Oct-2025 21:53:21.156 INFO [main] org.apache.catalina.startup.VersionLoggerListener.log Vededor JVM:                       Oracle Corporation
13-Oct-2025 21:53:21.156 INFO [main] org.apache.catalina.startup.VersionLoggerListener.log CATALINA_BASE:                     C:\Users\Josec\OneDrive\Escritorio\LabPAA\app-web-jsp\tomcat
13-Oct-2025 21:53:21.156 INFO [main] org.apache.catalina.startup.VersionLoggerListener.log CATALINA_HOME:                     C:\Users\Josec\OneDrive\Escritorio\LabPAA\app-web-jsp\tomcat
13-Oct-2025 21:53:21.163 INFO [main] org.apache.catalina.startup.VersionLoggerListener.log Command line argument:             -Djava.util.logging.config.file=C:\Users\Josec\OneDrive\Escritorio\LabPAA\app-web-jsp\tomcat\conf\logging.properties
13-Oct-2025 21:53:21.163 INFO [main] org.apache.catalina.startup.VersionLoggerListener.log Command line argument:             -Djava.util.logging.manager=org.apache.juli.ClassLoaderLogManager
13-Oct-2025 21:53:21.163 INFO [main] org.apache.catalina.startup.VersionLoggerListener.log Command line argument:             -Djdk.tls.ephemeralDHKeySize=2048
13-Oct-2025 21:53:21.163 INFO [main] org.apache.catalina.startup.VersionLoggerListener.log Command line argument:             --add-opens=java.base/java.lang=ALL-UNNAMED
13-Oct-2025 21:53:21.163 INFO [main] org.apache.catalina.startup.VersionLoggerListener.log Command line argument:             --add-opens=java.base/java.lang.reflect=ALL-UNNAMED
13-Oct-2025 21:53:21.163 INFO [main] org.apache.catalina.startup.VersionLoggerListener.log Command line argument:             --add-opens=java.base/java.io=ALL-UNNAMED
13-Oct-2025 21:53:21.164 INFO [main] org.apache.catalina.startup.VersionLoggerListener.log Command line argument:             --add-opens=java.base/java.util=ALL-UNNAMED
13-Oct-2025 21:53:21.164 INFO [main] org.apache.catalina.startup.VersionLoggerListener.log Command line argument:             --add-opens=java.base/java.util.concurrent=ALL-UNNAMED
13-Oct-2025 21:53:21.164 INFO [main] org.apache.catalina.startup.VersionLoggerListener.log Command line argument:             --add-opens=java.rmi/sun.rmi.transport=ALL-UNNAMED
13-Oct-2025 21:53:21.164 INFO [main] org.apache.catalina.startup.VersionLoggerListener.log Command line argument:             --enable-native-access=ALL-UNNAMED
13-Oct-2025 21:53:21.164 INFO [main] org.apache.catalina.startup.VersionLoggerListener.log Command line argument:             -Dcatalina.base=C:\Users\Josec\OneDrive\Escritorio\LabPAA\app-web-jsp\tomcat
13-Oct-2025 21:53:21.164 INFO [main] org.apache.catalina.startup.VersionLoggerListener.log Command line argument:             -Dcatalina.home=C:\Users\Josec\OneDrive\Escritorio\LabPAA\app-web-jsp\tomcat
13-Oct-2025 21:53:21.165 INFO [main] org.apache.catalina.startup.VersionLoggerListener.log Command line argument:             -Djava.io.tmpdir=C:\Users\Josec\OneDrive\Escritorio\LabPAA\app-web-jsp\tomcat\temp
13-Oct-2025 21:53:21.205 INFO [main] org.apache.catalina.core.AprLifecycleListener.lifecycleEvent La biblioteca nativa de Apache Tomcat basada en ARP que permite un rendimiento óptimo en entornos de desarrollo no ha sido hallada en java.library.path: [C:\Program Files\Java\jdk-17\bin;C:\Windows\Sun\Java\bin;C:\Windows\system32;C:\Windows;C:\Program Files\Java\jdk-17\bin;C:\Program Files\Common Files\Oracle\Java\javapath;C:\Program Files (x86)\Common Files\Oracle\Java\java8path;C:\Program Files (x86)\Common Files\Oracle\Java\javapath;C:\Windows\system32;C:\Windows;C:\Windows\System32\Wbem;C:\Windows\System32\WindowsPowerShell\v1.0\;C:\Windows\System32\OpenSSH\;C:\Program Files\Git\cmd;C:\Program Files\nodejs\;C:\laragon\bin\php\php-8.4.3-Win32-vs17-x64;C:\Users\Josec\composer.phar;C:\ProgramData\ComposerSetup\bin;C:\Program Files\NVIDIA Corporation\NVIDIA app\NvDLISR;C:\Program Files (x86)\SoftDevLabs\CTCI-WIN;C:\Program Files (x86)\SoftDevLabs\FishLib;C:\curl;C:\Program Files (x86)\NVIDIA Corporation\PhysX\Common;C:\msys64\ucrt64\bin;C:\ProgramData\chocolatey\bin;C:\Users\Josec\.config\herd\bin\nvm;C:\Program Files\nodejs;C:\Program Files\Docker\Docker\resources\bin;C:\Program Files\Java\jdk-24;C:\Program Files\Java\jdk-24\bin;c:\Users\Josec\AppData\Local\Programs\cursor\resources\app\bin;C:\Maven\apache-maven-3.9.10\bin;C:\sonar-scanner-7.1.0.4889-windows-x64\bin;C:\Program Files\PuTTY\;C:\Program Files\dotnet\;C:\Program Files\Cloudflare\Cloudflare WARP\;C:\Users\Josec\AppData\Local\Programs\Python\Python313\Scripts\;C:\Users\Josec\AppData\Local\Programs\Python\Python313\;C:\Users\Josec\AppData\Local\Programs\Python\Launcher\;C:\Program Files\Java\jdk-17\bin;C:\Users\Josec\.config\herd\bin;C:\Users\Josec\scoop\shims;C:\laragon\bin;C:\laragon\bin\apache\httpd-2.4.62-240904-win64-VS17\bin;C:\laragon\bin\composer;C:\laragon\bin\git\bin;C:\laragon\bin\git\cmd;C:\laragon\bin\git\mingw64\bin;C:\laragon\bin\git\usr\bin;C:\laragon\bin\laragon\utils;C:\laragon\bin\mysql\mysql-8.0.30-winx64\bin;C:\laragon\bin\nginx\nginx-1.22.0;C:\laragon\bin\ngrok;C:\laragon\bin\nodejs\node-v18;C:\laragon\bin\notepad++;C:\laragon\bin\php\php-8.4.3-Win32-vs17-x64;C:\laragon\bin\python\python-3.10;C:\laragon\bin\python\python-3.10\Scripts;C:\laragon\bin\redis\redis-x64-5.0.14.1;C:\laragon\bin\telnet;C:\laragon\usr\bin;C:\Users\Josec\AppData\Local\Yarn\config\global\node_modules\.bin;C:\Users\Josec\AppData\Roaming\Composer\vendor\bin;C:\Users\Josec\AppData\Roaming\npm;C:\Users\Josec\AppData\Local\Microsoft\WindowsApps;C:\Users\Josec\AppData\Local\Programs\Microsoft VS Code\bin;C:\Users\Josec\AppData\Local\ComposerSetup\bin;C:\Program Files\Tesseract-OCR;C:\Program Files\JetBrains\IntelliJ IDEA 2025.1.1.1\bin;;C:\Maven\apache-maven-3.9.10;C:\sonar-scanner-7.1.0.4889-windows-x64\bin;C:\Users\Josec\.dotnet\tools;C:\Program Files\JetBrains\PyCharm 2025.2.1.1\bin;C:\Drivers\allure-2.13.9\bin;;.]
13-Oct-2025 21:53:21.380 INFO [main] org.apache.coyote.AbstractProtocol.init Inicializando el manejador de protocolo ["http-nio-8085"]

13-Oct-2025 21:53:21.396 INFO [main] org.apache.catalina.startup.Catalina.load Server initialization in [377] milliseconds
13-Oct-2025 21:53:21.432 INFO [main] org.apache.catalina.core.StandardService.startInternal Arrancando servicio [Catalina]
13-Oct-2025 21:53:21.432 INFO [main] org.apache.catalina.core.StandardEngine.startInternal Starting Servlet engine: [Apache Tomcat/11.0.12]
13-Oct-2025 21:53:21.449 INFO [main] org.apache.catalina.startup.HostConfig.deployWAR Despliegue del archivo [C:\Users\Josec\OneDrive\Escritorio\LabPAA\app-web-jsp\tomcat\webapps\app-web-jsp.war] de la aplicación web
13-Oct-2025 21:53:24.185 INFO [main] org.apache.jasper.servlet.TldScanner.scanJars Al menos un JAR, que se ha explorado buscando TLDs, aún no contenía TLDs. Activar historial de depuración para este historiador para una completa lista de los JARs que fueron explorados y de los que nos se halló TLDs. Saltarse JARs no necesarios durante la exploración puede dar lugar a una mejora de tiempo significativa en el arranque y compilación de JSP .
13-Oct-2025 21:53:24.298 INFO [main] org.apache.catalina.startup.HostConfig.deployWAR Deployment of web application archive [C:\Users\Josec\OneDrive\Escritorio\LabPAA\app-web-jsp\tomcat\webapps\app-web-jsp.war] has finished in [2.848] ms
13-Oct-2025 21:53:24.299 INFO [main] org.apache.catalina.startup.HostConfig.deployDirectory Desplegando el directorio [C:\Users\Josec\OneDrive\Escritorio\LabPAA\app-web-jsp\tomcat\webapps\docs] de la aplicación web
13-Oct-2025 21:53:24.341 INFO [main] org.apache.catalina.startup.HostConfig.deployDirectory Deployment of web application directory [C:\Users\Josec\OneDrive\Escritorio\LabPAA\app-web-jsp\tomcat\webapps\docs] has finished in [42] ms
13-Oct-2025 21:53:24.341 INFO [main] org.apache.catalina.startup.HostConfig.deployDirectory Desplegando el directorio [C:\Users\Josec\OneDrive\Escritorio\LabPAA\app-web-jsp\tomcat\webapps\examples] de la aplicación web
13-Oct-2025 21:53:24.889 INFO [main] org.apache.catalina.startup.HostConfig.deployDirectory Deployment of web application directory [C:\Users\Josec\OneDrive\Escritorio\LabPAA\app-web-jsp\tomcat\webapps\examples] has finished in [548] ms
13-Oct-2025 21:53:24.889 INFO [main] org.apache.catalina.startup.HostConfig.deployDirectory Desplegando el directorio [C:\Users\Josec\OneDrive\Escritorio\LabPAA\app-web-jsp\tomcat\webapps\host-manager] de la aplicación web
13-Oct-2025 21:53:24.946 INFO [main] org.apache.catalina.startup.HostConfig.deployDirectory Deployment of web application directory [C:\Users\Josec\OneDrive\Escritorio\LabPAA\app-web-jsp\tomcat\webapps\host-manager] has finished in [56] ms
13-Oct-2025 21:53:24.946 INFO [main] org.apache.catalina.startup.HostConfig.deployDirectory Desplegando el directorio [C:\Users\Josec\OneDrive\Escritorio\LabPAA\app-web-jsp\tomcat\webapps\manager] de la aplicación web
13-Oct-2025 21:53:25.000 INFO [main] org.apache.catalina.startup.HostConfig.deployDirectory Deployment of web application directory [C:\Users\Josec\OneDrive\Escritorio\LabPAA\app-web-jsp\tomcat\webapps\manager] has finished in [54] ms
13-Oct-2025 21:53:25.001 INFO [main] org.apache.catalina.startup.HostConfig.deployDirectory Desplegando el directorio [C:\Users\Josec\OneDrive\Escritorio\LabPAA\app-web-jsp\tomcat\webapps\ROOT] de la aplicación web
13-Oct-2025 21:53:25.036 INFO [main] org.apache.catalina.startup.HostConfig.deployDirectory Deployment of web application directory [C:\Users\Josec\OneDrive\Escritorio\LabPAA\app-web-jsp\tomcat\webapps\ROOT] has finished in [35] ms
13-Oct-2025 21:53:25.040 INFO [main] org.apache.coyote.AbstractProtocol.start Starting ProtocolHandler ["http-nio-8085"]
13-Oct-2025 21:53:25.073 INFO [main] org.apache.catalina.startup.Catalina.start Server startup in [3677] milliseconds
13-Oct-2025 21:53:31.700 INFO [http-nio-8085-exec-2] org.hibernate.jpa.internal.util.LogHelper.logPersistenceUnitInformation HHH000204: Processing PersistenceUnitInfo [name: VolandoApp]
13-Oct-2025 21:53:31.936 INFO [http-nio-8085-exec-2] org.hibernate.Version.logVersion HHH000412: Hibernate ORM core version 6.4.4.Final
13-Oct-2025 21:53:32.051 INFO [http-nio-8085-exec-2] org.hibernate.cache.internal.RegionFactoryInitiator.initiateService HHH000026: Second-level cache disabled
13-Oct-2025 21:53:32.726 WARN [http-nio-8085-exec-2] org.hibernate.engine.jdbc.connections.internal.DriverManagerConnectionProviderImpl.configure HHH10001002: Using built-in connection pool (not intended for production use)
13-Oct-2025 21:53:32.736 INFO [http-nio-8085-exec-2] org.hibernate.engine.jdbc.connections.internal.DriverManagerConnectionProviderImpl.buildCreator HHH10001005: Loaded JDBC driver class: org.postgresql.Driver
13-Oct-2025 21:53:32.736 INFO [http-nio-8085-exec-2] org.hibernate.engine.jdbc.connections.internal.DriverManagerConnectionProviderImpl.buildCreator HHH10001012: Connecting with JDBC URL [jdbc:postgresql://localhost:5432/volandodb]
13-Oct-2025 21:53:32.736 INFO [http-nio-8085-exec-2] org.hibernate.engine.jdbc.connections.internal.DriverManagerConnectionProviderImpl.buildCreator HHH10001001: Connection properties: {password=****, user=postgres}
13-Oct-2025 21:53:32.737 INFO [http-nio-8085-exec-2] org.hibernate.engine.jdbc.connections.internal.DriverManagerConnectionProviderImpl.buildCreator HHH10001003: Autocommit mode: false
13-Oct-2025 21:53:32.750 INFO [http-nio-8085-exec-2] org.hibernate.engine.jdbc.connections.internal.DriverManagerConnectionProviderImpl$PooledConnections.<init> HHH10001115: Connection pool size: 20 (min=1)
13-Oct-2025 21:53:33.264 WARN [http-nio-8085-exec-2] org.hibernate.engine.jdbc.dialect.internal.DialectFactoryImpl.constructDialect HHH90000025: PostgreSQLDialect does not need to be specified explicitly using 'hibernate.dialect' (remove the property setting and it will be selected by default)
13-Oct-2025 21:53:33.928 WARN [http-nio-8085-exec-2] org.hibernate.boot.model.internal.AnnotationBinder.detectMappedSuperclassProblems HHH000503: A class should not be annotated with both @Inheritance and @MappedSuperclass. @Inheritance will be ignored for: domain.models.luggage.Luggage.
13-Oct-2025 21:53:34.973 INFO [http-nio-8085-exec-2] org.hibernate.validator.internal.util.Version.<clinit> HV000001: Hibernate Validator 8.0.2.Final
13-Oct-2025 21:53:37.570 INFO [http-nio-8085-exec-2] org.hibernate.engine.transaction.jta.platform.internal.JtaPlatformInitiator.initiateService HHH000489: No JTA platform available (set 'hibernate.transaction.jta.platform' to enable JTA platform integration)
13-Oct-2025 21:53:37.649 INFO [http-nio-8085-exec-2] org.hibernate.resource.transaction.backend.jdbc.internal.DdlTransactionIsolatorNonJtaImpl.getIsolatedConnection HHH10001501: Connection obtained from JdbcConnectionAccess [org.hibernate.engine.jdbc.env.internal.JdbcEnvironmentInitiator$ConnectionProviderJdbcConnectionAccess@ef32ba] for (non-JTA) DDL execution was not in auto-commit mode; the Connection 'local transaction' will be committed and the Connection will be set into auto-commit mode.
13-Oct-2025 21:54:22.435 INFO [Thread-1] org.apache.coyote.AbstractProtocol.pause Pausing ProtocolHandler ["http-nio-8085"]
13-Oct-2025 21:54:22.456 INFO [Thread-1] org.apache.catalina.core.StandardService.stopInternal Parando servicio [Catalina]
13-Oct-2025 21:54:22.463 WARNING [Thread-1] org.apache.catalina.loader.WebappClassLoaderBase.clearReferencesJdbc La aplicación web [app-web-jsp] registró el conductor JDBC [org.postgresql.Driver] pero falló al anular el registro mientras la aplicación web estaba parada. Para prevenir un fallo de memoria, se ha anulado el registro del conductor JDBC por la fuerza.
13-Oct-2025 21:54:22.465 WARNING [Thread-1] org.apache.catalina.loader.WebappClassLoaderBase.clearReferencesThreads The web application [app-web-jsp] appears to have started a thread named [Hibernate Connection Pool Validation Thread] but has failed to stop it. This is very likely to create a memory leak. Stack trace of thread:
 java.base@17.0.12/jdk.internal.misc.Unsafe.park(Native Method)
 java.base@17.0.12/java.util.concurrent.locks.LockSupport.parkNanos(LockSupport.java:252)
 java.base@17.0.12/java.util.concurrent.locks.AbstractQueuedSynchronizer$ConditionObject.awaitNanos(AbstractQueuedSynchronizer.java:1672)
 java.base@17.0.12/java.util.concurrent.ScheduledThreadPoolExecutor$DelayedWorkQueue.take(ScheduledThreadPoolExecutor.java:1182)
 java.base@17.0.12/java.util.concurrent.ScheduledThreadPoolExecutor$DelayedWorkQueue.take(ScheduledThreadPoolExecutor.java:899)
 java.base@17.0.12/java.util.concurrent.ThreadPoolExecutor.getTask(ThreadPoolExecutor.java:1062)
 java.base@17.0.12/java.util.concurrent.ThreadPoolExecutor.runWorker(ThreadPoolExecutor.java:1122)
 java.base@17.0.12/java.util.concurrent.ThreadPoolExecutor$Worker.run(ThreadPoolExecutor.java:635)
 java.base@17.0.12/java.lang.Thread.run(Thread.java:842)
13-Oct-2025 21:54:22.471 INFO [Thread-1] org.apache.coyote.AbstractProtocol.stop Stopping ProtocolHandler ["http-nio-8085"]
13-Oct-2025 21:54:22.486 INFO [Thread-1] org.apache.coyote.AbstractProtocol.destroy Destroying ProtocolHandler ["http-nio-8085"]
13-Oct-2025 21:54:45.906 INFO [main] org.apache.catalina.startup.VersionLoggerListener.log Nombre de la versión del servidor: Apache Tomcat/11.0.12
13-Oct-2025 21:54:45.909 INFO [main] org.apache.catalina.startup.VersionLoggerListener.log Server built:                      Oct 1 2025 07:01:27 UTC
13-Oct-2025 21:54:45.910 INFO [main] org.apache.catalina.startup.VersionLoggerListener.log Número de versión de servidor:     11.0.12.0
13-Oct-2025 21:54:45.910 INFO [main] org.apache.catalina.startup.VersionLoggerListener.log OS Name:                           Windows 11
13-Oct-2025 21:54:45.910 INFO [main] org.apache.catalina.startup.VersionLoggerListener.log Versión de Systema Operativo:      10.0
13-Oct-2025 21:54:45.910 INFO [main] org.apache.catalina.startup.VersionLoggerListener.log Arquitectura:                      amd64
13-Oct-2025 21:54:45.910 INFO [main] org.apache.catalina.startup.VersionLoggerListener.log Java Home:                         C:\Program Files\Java\jdk-17
13-Oct-2025 21:54:45.910 INFO [main] org.apache.catalina.startup.VersionLoggerListener.log JVM Version:                       17.0.12+8-LTS-286
13-Oct-2025 21:54:45.911 INFO [main] org.apache.catalina.startup.VersionLoggerListener.log Vededor JVM:                       Oracle Corporation
13-Oct-2025 21:54:45.911 INFO [main] org.apache.catalina.startup.VersionLoggerListener.log CATALINA_BASE:                     C:\Users\Josec\OneDrive\Escritorio\LabPAA\app-web-jsp\tomcat
13-Oct-2025 21:54:45.911 INFO [main] org.apache.catalina.startup.VersionLoggerListener.log CATALINA_HOME:                     C:\Users\Josec\OneDrive\Escritorio\LabPAA\app-web-jsp\tomcat
13-Oct-2025 21:54:45.918 INFO [main] org.apache.catalina.startup.VersionLoggerListener.log Command line argument:             -Djava.util.logging.config.file=C:\Users\Josec\OneDrive\Escritorio\LabPAA\app-web-jsp\tomcat\conf\logging.properties
13-Oct-2025 21:54:45.919 INFO [main] org.apache.catalina.startup.VersionLoggerListener.log Command line argument:             -Djava.util.logging.manager=org.apache.juli.ClassLoaderLogManager
13-Oct-2025 21:54:45.919 INFO [main] org.apache.catalina.startup.VersionLoggerListener.log Command line argument:             -Djdk.tls.ephemeralDHKeySize=2048
13-Oct-2025 21:54:45.919 INFO [main] org.apache.catalina.startup.VersionLoggerListener.log Command line argument:             --add-opens=java.base/java.lang=ALL-UNNAMED
13-Oct-2025 21:54:45.919 INFO [main] org.apache.catalina.startup.VersionLoggerListener.log Command line argument:             --add-opens=java.base/java.lang.reflect=ALL-UNNAMED
13-Oct-2025 21:54:45.919 INFO [main] org.apache.catalina.startup.VersionLoggerListener.log Command line argument:             --add-opens=java.base/java.io=ALL-UNNAMED
13-Oct-2025 21:54:45.919 INFO [main] org.apache.catalina.startup.VersionLoggerListener.log Command line argument:             --add-opens=java.base/java.util=ALL-UNNAMED
13-Oct-2025 21:54:45.920 INFO [main] org.apache.catalina.startup.VersionLoggerListener.log Command line argument:             --add-opens=java.base/java.util.concurrent=ALL-UNNAMED
13-Oct-2025 21:54:45.920 INFO [main] org.apache.catalina.startup.VersionLoggerListener.log Command line argument:             --add-opens=java.rmi/sun.rmi.transport=ALL-UNNAMED
13-Oct-2025 21:54:45.920 INFO [main] org.apache.catalina.startup.VersionLoggerListener.log Command line argument:             --enable-native-access=ALL-UNNAMED
13-Oct-2025 21:54:45.920 INFO [main] org.apache.catalina.startup.VersionLoggerListener.log Command line argument:             -Dcatalina.base=C:\Users\Josec\OneDrive\Escritorio\LabPAA\app-web-jsp\tomcat
13-Oct-2025 21:54:45.920 INFO [main] org.apache.catalina.startup.VersionLoggerListener.log Command line argument:             -Dcatalina.home=C:\Users\Josec\OneDrive\Escritorio\LabPAA\app-web-jsp\tomcat
13-Oct-2025 21:54:45.921 INFO [main] org.apache.catalina.startup.VersionLoggerListener.log Command line argument:             -Djava.io.tmpdir=C:\Users\Josec\OneDrive\Escritorio\LabPAA\app-web-jsp\tomcat\temp
13-Oct-2025 21:54:45.963 INFO [main] org.apache.catalina.core.AprLifecycleListener.lifecycleEvent La biblioteca nativa de Apache Tomcat basada en ARP que permite un rendimiento óptimo en entornos de desarrollo no ha sido hallada en java.library.path: [C:\Program Files\Java\jdk-17\bin;C:\Windows\Sun\Java\bin;C:\Windows\system32;C:\Windows;C:\Program Files\Java\jdk-17\bin;C:\Program Files\Common Files\Oracle\Java\javapath;C:\Program Files (x86)\Common Files\Oracle\Java\java8path;C:\Program Files (x86)\Common Files\Oracle\Java\javapath;C:\Windows\system32;C:\Windows;C:\Windows\System32\Wbem;C:\Windows\System32\WindowsPowerShell\v1.0\;C:\Windows\System32\OpenSSH\;C:\Program Files\Git\cmd;C:\Program Files\nodejs\;C:\laragon\bin\php\php-8.4.3-Win32-vs17-x64;C:\Users\Josec\composer.phar;C:\ProgramData\ComposerSetup\bin;C:\Program Files\NVIDIA Corporation\NVIDIA app\NvDLISR;C:\Program Files (x86)\SoftDevLabs\CTCI-WIN;C:\Program Files (x86)\SoftDevLabs\FishLib;C:\curl;C:\Program Files (x86)\NVIDIA Corporation\PhysX\Common;C:\msys64\ucrt64\bin;C:\ProgramData\chocolatey\bin;C:\Users\Josec\.config\herd\bin\nvm;C:\Program Files\nodejs;C:\Program Files\Docker\Docker\resources\bin;C:\Program Files\Java\jdk-24;C:\Program Files\Java\jdk-24\bin;c:\Users\Josec\AppData\Local\Programs\cursor\resources\app\bin;C:\Maven\apache-maven-3.9.10\bin;C:\sonar-scanner-7.1.0.4889-windows-x64\bin;C:\Program Files\PuTTY\;C:\Program Files\dotnet\;C:\Program Files\Cloudflare\Cloudflare WARP\;C:\Users\Josec\AppData\Local\Programs\Python\Python313\Scripts\;C:\Users\Josec\AppData\Local\Programs\Python\Python313\;C:\Users\Josec\AppData\Local\Programs\Python\Launcher\;C:\Program Files\Java\jdk-17\bin;C:\Users\Josec\.config\herd\bin;C:\Users\Josec\scoop\shims;C:\laragon\bin;C:\laragon\bin\apache\httpd-2.4.62-240904-win64-VS17\bin;C:\laragon\bin\composer;C:\laragon\bin\git\bin;C:\laragon\bin\git\cmd;C:\laragon\bin\git\mingw64\bin;C:\laragon\bin\git\usr\bin;C:\laragon\bin\laragon\utils;C:\laragon\bin\mysql\mysql-8.0.30-winx64\bin;C:\laragon\bin\nginx\nginx-1.22.0;C:\laragon\bin\ngrok;C:\laragon\bin\nodejs\node-v18;C:\laragon\bin\notepad++;C:\laragon\bin\php\php-8.4.3-Win32-vs17-x64;C:\laragon\bin\python\python-3.10;C:\laragon\bin\python\python-3.10\Scripts;C:\laragon\bin\redis\redis-x64-5.0.14.1;C:\laragon\bin\telnet;C:\laragon\usr\bin;C:\Users\Josec\AppData\Local\Yarn\config\global\node_modules\.bin;C:\Users\Josec\AppData\Roaming\Composer\vendor\bin;C:\Users\Josec\AppData\Roaming\npm;C:\Users\Josec\AppData\Local\Microsoft\WindowsApps;C:\Users\Josec\AppData\Local\Programs\Microsoft VS Code\bin;C:\Users\Josec\AppData\Local\ComposerSetup\bin;C:\Program Files\Tesseract-OCR;C:\Program Files\JetBrains\IntelliJ IDEA 2025.1.1.1\bin;;C:\Maven\apache-maven-3.9.10;C:\sonar-scanner-7.1.0.4889-windows-x64\bin;C:\Users\Josec\.dotnet\tools;C:\Program Files\JetBrains\PyCharm 2025.2.1.1\bin;C:\Drivers\allure-2.13.9\bin;;.]
13-Oct-2025 21:54:46.112 INFO [main] org.apache.coyote.AbstractProtocol.init Inicializando el manejador de protocolo ["http-nio-8085"]

13-Oct-2025 21:54:46.128 INFO [main] org.apache.catalina.startup.Catalina.load Server initialization in [353] milliseconds
13-Oct-2025 21:54:46.162 INFO [main] org.apache.catalina.core.StandardService.startInternal Arrancando servicio [Catalina]
13-Oct-2025 21:54:46.163 INFO [main] org.apache.catalina.core.StandardEngine.startInternal Starting Servlet engine: [Apache Tomcat/11.0.12]
13-Oct-2025 21:54:46.180 INFO [main] org.apache.catalina.startup.HostConfig.deployWAR Despliegue del archivo [C:\Users\Josec\OneDrive\Escritorio\LabPAA\app-web-jsp\tomcat\webapps\app-web-jsp.war] de la aplicación web
13-Oct-2025 21:54:48.971 INFO [main] org.apache.jasper.servlet.TldScanner.scanJars Al menos un JAR, que se ha explorado buscando TLDs, aún no contenía TLDs. Activar historial de depuración para este historiador para una completa lista de los JARs que fueron explorados y de los que nos se halló TLDs. Saltarse JARs no necesarios durante la exploración puede dar lugar a una mejora de tiempo significativa en el arranque y compilación de JSP .
13-Oct-2025 21:54:49.081 INFO [main] org.apache.catalina.startup.HostConfig.deployWAR Deployment of web application archive [C:\Users\Josec\OneDrive\Escritorio\LabPAA\app-web-jsp\tomcat\webapps\app-web-jsp.war] has finished in [2.899] ms
13-Oct-2025 21:54:49.082 INFO [main] org.apache.catalina.startup.HostConfig.deployDirectory Desplegando el directorio [C:\Users\Josec\OneDrive\Escritorio\LabPAA\app-web-jsp\tomcat\webapps\docs] de la aplicación web
13-Oct-2025 21:54:49.131 INFO [main] org.apache.catalina.startup.HostConfig.deployDirectory Deployment of web application directory [C:\Users\Josec\OneDrive\Escritorio\LabPAA\app-web-jsp\tomcat\webapps\docs] has finished in [49] ms
13-Oct-2025 21:54:49.131 INFO [main] org.apache.catalina.startup.HostConfig.deployDirectory Desplegando el directorio [C:\Users\Josec\OneDrive\Escritorio\LabPAA\app-web-jsp\tomcat\webapps\examples] de la aplicación web
13-Oct-2025 21:54:49.742 INFO [main] org.apache.catalina.startup.HostConfig.deployDirectory Deployment of web application directory [C:\Users\Josec\OneDrive\Escritorio\LabPAA\app-web-jsp\tomcat\webapps\examples] has finished in [611] ms
13-Oct-2025 21:54:49.742 INFO [main] org.apache.catalina.startup.HostConfig.deployDirectory Desplegando el directorio [C:\Users\Josec\OneDrive\Escritorio\LabPAA\app-web-jsp\tomcat\webapps\host-manager] de la aplicación web
13-Oct-2025 21:54:49.788 INFO [main] org.apache.catalina.startup.HostConfig.deployDirectory Deployment of web application directory [C:\Users\Josec\OneDrive\Escritorio\LabPAA\app-web-jsp\tomcat\webapps\host-manager] has finished in [46] ms
13-Oct-2025 21:54:49.789 INFO [main] org.apache.catalina.startup.HostConfig.deployDirectory Desplegando el directorio [C:\Users\Josec\OneDrive\Escritorio\LabPAA\app-web-jsp\tomcat\webapps\manager] de la aplicación web
13-Oct-2025 21:54:49.843 INFO [main] org.apache.catalina.startup.HostConfig.deployDirectory Deployment of web application directory [C:\Users\Josec\OneDrive\Escritorio\LabPAA\app-web-jsp\tomcat\webapps\manager] has finished in [52] ms
13-Oct-2025 21:54:49.843 INFO [main] org.apache.catalina.startup.HostConfig.deployDirectory Desplegando el directorio [C:\Users\Josec\OneDrive\Escritorio\LabPAA\app-web-jsp\tomcat\webapps\ROOT] de la aplicación web
13-Oct-2025 21:54:49.881 INFO [main] org.apache.catalina.startup.HostConfig.deployDirectory Deployment of web application directory [C:\Users\Josec\OneDrive\Escritorio\LabPAA\app-web-jsp\tomcat\webapps\ROOT] has finished in [38] ms
13-Oct-2025 21:54:49.887 INFO [main] org.apache.coyote.AbstractProtocol.start Starting ProtocolHandler ["http-nio-8085"]
13-Oct-2025 21:54:49.927 INFO [main] org.apache.catalina.startup.Catalina.start Server startup in [3798] milliseconds
13-Oct-2025 21:55:55.239 INFO [http-nio-8085-exec-1] org.hibernate.jpa.internal.util.LogHelper.logPersistenceUnitInformation HHH000204: Processing PersistenceUnitInfo [name: VolandoApp]
13-Oct-2025 21:55:55.470 INFO [http-nio-8085-exec-1] org.hibernate.Version.logVersion HHH000412: Hibernate ORM core version 6.4.4.Final
13-Oct-2025 21:55:55.576 INFO [http-nio-8085-exec-1] org.hibernate.cache.internal.RegionFactoryInitiator.initiateService HHH000026: Second-level cache disabled
13-Oct-2025 21:55:56.252 WARN [http-nio-8085-exec-1] org.hibernate.engine.jdbc.connections.internal.DriverManagerConnectionProviderImpl.configure HHH10001002: Using built-in connection pool (not intended for production use)
13-Oct-2025 21:55:56.262 INFO [http-nio-8085-exec-1] org.hibernate.engine.jdbc.connections.internal.DriverManagerConnectionProviderImpl.buildCreator HHH10001005: Loaded JDBC driver class: org.postgresql.Driver
13-Oct-2025 21:55:56.262 INFO [http-nio-8085-exec-1] org.hibernate.engine.jdbc.connections.internal.DriverManagerConnectionProviderImpl.buildCreator HHH10001012: Connecting with JDBC URL [jdbc:postgresql://localhost:5432/volandodb]
13-Oct-2025 21:55:56.263 INFO [http-nio-8085-exec-1] org.hibernate.engine.jdbc.connections.internal.DriverManagerConnectionProviderImpl.buildCreator HHH10001001: Connection properties: {password=****, user=postgres}
13-Oct-2025 21:55:56.263 INFO [http-nio-8085-exec-1] org.hibernate.engine.jdbc.connections.internal.DriverManagerConnectionProviderImpl.buildCreator HHH10001003: Autocommit mode: false
13-Oct-2025 21:55:56.274 INFO [http-nio-8085-exec-1] org.hibernate.engine.jdbc.connections.internal.DriverManagerConnectionProviderImpl$PooledConnections.<init> HHH10001115: Connection pool size: 20 (min=1)
13-Oct-2025 21:55:56.824 WARN [http-nio-8085-exec-1] org.hibernate.engine.jdbc.dialect.internal.DialectFactoryImpl.constructDialect HHH90000025: PostgreSQLDialect does not need to be specified explicitly using 'hibernate.dialect' (remove the property setting and it will be selected by default)
13-Oct-2025 21:55:57.541 WARN [http-nio-8085-exec-1] org.hibernate.boot.model.internal.AnnotationBinder.detectMappedSuperclassProblems HHH000503: A class should not be annotated with both @Inheritance and @MappedSuperclass. @Inheritance will be ignored for: domain.models.luggage.Luggage.
13-Oct-2025 21:55:58.647 INFO [http-nio-8085-exec-1] org.hibernate.validator.internal.util.Version.<clinit> HV000001: Hibernate Validator 8.0.2.Final
13-Oct-2025 21:56:01.443 INFO [http-nio-8085-exec-1] org.hibernate.engine.transaction.jta.platform.internal.JtaPlatformInitiator.initiateService HHH000489: No JTA platform available (set 'hibernate.transaction.jta.platform' to enable JTA platform integration)
13-Oct-2025 21:56:01.524 INFO [http-nio-8085-exec-1] org.hibernate.resource.transaction.backend.jdbc.internal.DdlTransactionIsolatorNonJtaImpl.getIsolatedConnection HHH10001501: Connection obtained from JdbcConnectionAccess [org.hibernate.engine.jdbc.env.internal.JdbcEnvironmentInitiator$ConnectionProviderJdbcConnectionAccess@4aca245a] for (non-JTA) DDL execution was not in auto-commit mode; the Connection 'local transaction' will be committed and the Connection will be set into auto-commit mode.
13-Oct-2025 21:58:19.042 INFO [Thread-1] org.apache.coyote.AbstractProtocol.pause Pausing ProtocolHandler ["http-nio-8085"]
13-Oct-2025 21:58:19.064 INFO [Thread-1] org.apache.catalina.core.StandardService.stopInternal Parando servicio [Catalina]
13-Oct-2025 21:58:19.072 WARNING [Thread-1] org.apache.catalina.loader.WebappClassLoaderBase.clearReferencesJdbc La aplicación web [app-web-jsp] registró el conductor JDBC [org.postgresql.Driver] pero falló al anular el registro mientras la aplicación web estaba parada. Para prevenir un fallo de memoria, se ha anulado el registro del conductor JDBC por la fuerza.
13-Oct-2025 21:58:19.073 WARNING [Thread-1] org.apache.catalina.loader.WebappClassLoaderBase.clearReferencesThreads The web application [app-web-jsp] appears to have started a thread named [Hibernate Connection Pool Validation Thread] but has failed to stop it. This is very likely to create a memory leak. Stack trace of thread:
 java.base@17.0.12/jdk.internal.misc.Unsafe.park(Native Method)
 java.base@17.0.12/java.util.concurrent.locks.LockSupport.parkNanos(LockSupport.java:252)
 java.base@17.0.12/java.util.concurrent.locks.AbstractQueuedSynchronizer$ConditionObject.awaitNanos(AbstractQueuedSynchronizer.java:1672)
 java.base@17.0.12/java.util.concurrent.ScheduledThreadPoolExecutor$DelayedWorkQueue.take(ScheduledThreadPoolExecutor.java:1182)
 java.base@17.0.12/java.util.concurrent.ScheduledThreadPoolExecutor$DelayedWorkQueue.take(ScheduledThreadPoolExecutor.java:899)
 java.base@17.0.12/java.util.concurrent.ThreadPoolExecutor.getTask(ThreadPoolExecutor.java:1062)
 java.base@17.0.12/java.util.concurrent.ThreadPoolExecutor.runWorker(ThreadPoolExecutor.java:1122)
 java.base@17.0.12/java.util.concurrent.ThreadPoolExecutor$Worker.run(ThreadPoolExecutor.java:635)
 java.base@17.0.12/java.lang.Thread.run(Thread.java:842)
13-Oct-2025 21:58:19.080 INFO [Thread-1] org.apache.coyote.AbstractProtocol.stop Stopping ProtocolHandler ["http-nio-8085"]
13-Oct-2025 21:58:19.095 INFO [Thread-1] org.apache.coyote.AbstractProtocol.destroy Destroying ProtocolHandler ["http-nio-8085"]
