28-Nov-2025 18:08:59.299 INFO [main] org.apache.catalina.startup.VersionLoggerListener.log Nombre de la versión del servidor: Apache Tomcat/11.0.12
28-Nov-2025 18:08:59.302 INFO [main] org.apache.catalina.startup.VersionLoggerListener.log Server built:                      Oct 1 2025 07:01:27 UTC
28-Nov-2025 18:08:59.302 INFO [main] org.apache.catalina.startup.VersionLoggerListener.log Número de versión de servidor:     11.0.12.0
28-Nov-2025 18:08:59.302 INFO [main] org.apache.catalina.startup.VersionLoggerListener.log OS Name:                           Windows 11
28-Nov-2025 18:08:59.303 INFO [main] org.apache.catalina.startup.VersionLoggerListener.log Versión de Systema Operativo:      10.0
28-Nov-2025 18:08:59.303 INFO [main] org.apache.catalina.startup.VersionLoggerListener.log Arquitectura:                      amd64
28-Nov-2025 18:08:59.303 INFO [main] org.apache.catalina.startup.VersionLoggerListener.log Java Home:                         C:\Program Files\Java\jdk-17
28-Nov-2025 18:08:59.303 INFO [main] org.apache.catalina.startup.VersionLoggerListener.log JVM Version:                       17.0.12+8-LTS-286
28-Nov-2025 18:08:59.303 INFO [main] org.apache.catalina.startup.VersionLoggerListener.log Vededor JVM:                       Oracle Corporation
28-Nov-2025 18:08:59.303 INFO [main] org.apache.catalina.startup.VersionLoggerListener.log CATALINA_BASE:                     C:\Users\Josec\volandouy\app-web\tomcat
28-Nov-2025 18:08:59.304 INFO [main] org.apache.catalina.startup.VersionLoggerListener.log CATALINA_HOME:                     C:\Users\Josec\volandouy\app-web\tomcat
28-Nov-2025 18:08:59.312 INFO [main] org.apache.catalina.startup.VersionLoggerListener.log Command line argument:             -Djava.util.logging.config.file=C:\Users\Josec\volandouy\app-web\tomcat\conf\logging.properties
28-Nov-2025 18:08:59.312 INFO [main] org.apache.catalina.startup.VersionLoggerListener.log Command line argument:             -Djava.util.logging.manager=org.apache.juli.ClassLoaderLogManager
28-Nov-2025 18:08:59.312 INFO [main] org.apache.catalina.startup.VersionLoggerListener.log Command line argument:             -Djdk.tls.ephemeralDHKeySize=2048
28-Nov-2025 18:08:59.313 INFO [main] org.apache.catalina.startup.VersionLoggerListener.log Command line argument:             --add-opens=java.base/java.lang=ALL-UNNAMED
28-Nov-2025 18:08:59.313 INFO [main] org.apache.catalina.startup.VersionLoggerListener.log Command line argument:             --add-opens=java.base/java.lang.reflect=ALL-UNNAMED
28-Nov-2025 18:08:59.313 INFO [main] org.apache.catalina.startup.VersionLoggerListener.log Command line argument:             --add-opens=java.base/java.io=ALL-UNNAMED
28-Nov-2025 18:08:59.313 INFO [main] org.apache.catalina.startup.VersionLoggerListener.log Command line argument:             --add-opens=java.base/java.util=ALL-UNNAMED
28-Nov-2025 18:08:59.313 INFO [main] org.apache.catalina.startup.VersionLoggerListener.log Command line argument:             --add-opens=java.base/java.util.concurrent=ALL-UNNAMED
28-Nov-2025 18:08:59.313 INFO [main] org.apache.catalina.startup.VersionLoggerListener.log Command line argument:             --add-opens=java.rmi/sun.rmi.transport=ALL-UNNAMED
28-Nov-2025 18:08:59.314 INFO [main] org.apache.catalina.startup.VersionLoggerListener.log Command line argument:             --enable-native-access=ALL-UNNAMED
28-Nov-2025 18:08:59.314 INFO [main] org.apache.catalina.startup.VersionLoggerListener.log Command line argument:             -Dcatalina.base=C:\Users\Josec\volandouy\app-web\tomcat
28-Nov-2025 18:08:59.314 INFO [main] org.apache.catalina.startup.VersionLoggerListener.log Command line argument:             -Dcatalina.home=C:\Users\Josec\volandouy\app-web\tomcat
28-Nov-2025 18:08:59.314 INFO [main] org.apache.catalina.startup.VersionLoggerListener.log Command line argument:             -Djava.io.tmpdir=C:\Users\Josec\volandouy\app-web\tomcat\temp
28-Nov-2025 18:08:59.359 INFO [main] org.apache.catalina.core.AprLifecycleListener.lifecycleEvent La biblioteca nativa de Apache Tomcat basada en ARP que permite un rendimiento óptimo en entornos de desarrollo no ha sido hallada en java.library.path: [C:\Program Files\Java\jdk-17\bin;C:\Windows\Sun\Java\bin;C:\Windows\system32;C:\Windows;C:\Program Files\Java\jdk-17\bin;C:\Program Files\Common Files\Oracle\Java\javapath;C:\Program Files (x86)\Common Files\Oracle\Java\java8path;C:\Program Files (x86)\Common Files\Oracle\Java\javapath;C:\Windows\system32;C:\Windows;C:\Windows\System32\Wbem;C:\Windows\System32\WindowsPowerShell\v1.0\;C:\Windows\System32\OpenSSH\;C:\Program Files\Git\cmd;C:\Program Files\nodejs\;C:\laragon\bin\php\php-8.4.3-Win32-vs17-x64;C:\Users\Josec\composer.phar;C:\ProgramData\ComposerSetup\bin;C:\Program Files\NVIDIA Corporation\NVIDIA app\NvDLISR;C:\Program Files (x86)\SoftDevLabs\CTCI-WIN;C:\Program Files (x86)\SoftDevLabs\FishLib;C:\curl;C:\Program Files (x86)\NVIDIA Corporation\PhysX\Common;C:\msys64\ucrt64\bin;C:\ProgramData\chocolatey\bin;C:\Users\Josec\.config\herd\bin\nvm;C:\Program Files\nodejs;C:\Program Files\Docker\Docker\resources\bin;C:\Program Files\Java\jdk-24;C:\Program Files\Java\jdk-24\bin;c:\Users\Josec\AppData\Local\Programs\cursor\resources\app\bin;C:\Maven\apache-maven-3.9.10\bin;C:\sonar-scanner-7.1.0.4889-windows-x64\bin;C:\Program Files\PuTTY\;C:\Program Files\dotnet\;C:\Program Files\Cloudflare\Cloudflare WARP\;C:\Users\Josec\AppData\Local\Programs\Python\Python313\Scripts\;C:\Users\Josec\AppData\Local\Programs\Python\Python313\;C:\Users\Josec\AppData\Local\Programs\Python\Launcher\;C:\Program Files\Java\jdk-17\bin;C:\Users\Josec\.config\herd\bin;C:\Users\Josec\scoop\shims;C:\laragon\bin;C:\laragon\bin\apache\httpd-2.4.62-240904-win64-VS17\bin;C:\laragon\bin\composer;C:\laragon\bin\git\bin;C:\laragon\bin\git\cmd;C:\laragon\bin\git\mingw64\bin;C:\laragon\bin\git\usr\bin;C:\laragon\bin\laragon\utils;C:\laragon\bin\mysql\mysql-8.0.30-winx64\bin;C:\laragon\bin\nginx\nginx-1.22.0;C:\laragon\bin\ngrok;C:\laragon\bin\nodejs\node-v18;C:\laragon\bin\notepad++;C:\laragon\bin\php\php-8.4.3-Win32-vs17-x64;C:\laragon\bin\python\python-3.10;C:\laragon\bin\python\python-3.10\Scripts;C:\laragon\bin\redis\redis-x64-5.0.14.1;C:\laragon\bin\telnet;C:\laragon\usr\bin;C:\Users\Josec\AppData\Local\Yarn\config\global\node_modules\.bin;C:\Users\Josec\AppData\Roaming\Composer\vendor\bin;C:\Users\Josec\AppData\Roaming\npm;C:\Users\Josec\AppData\Local\Microsoft\WindowsApps;C:\Users\Josec\AppData\Local\Programs\Microsoft VS Code\bin;C:\Users\Josec\AppData\Local\ComposerSetup\bin;C:\Program Files\Tesseract-OCR;C:\Program Files\JetBrains\IntelliJ IDEA 2025.1.1.1\bin;;C:\Maven\apache-maven-3.9.10;C:\sonar-scanner-7.1.0.4889-windows-x64\bin;C:\Users\Josec\.dotnet\tools;C:\Program Files\JetBrains\PyCharm 2025.2.1.1\bin;C:\Drivers\allure-2.13.9\bin;;.]
28-Nov-2025 18:08:59.514 INFO [main] org.apache.coyote.AbstractProtocol.init Inicializando el manejador de protocolo ["http-nio-8085"]

28-Nov-2025 18:08:59.536 INFO [main] org.apache.catalina.startup.Catalina.load Server initialization in [378] milliseconds
28-Nov-2025 18:08:59.572 INFO [main] org.apache.catalina.core.StandardService.startInternal Arrancando servicio [Catalina]
28-Nov-2025 18:08:59.572 INFO [main] org.apache.catalina.core.StandardEngine.startInternal Starting Servlet engine: [Apache Tomcat/11.0.12]
28-Nov-2025 18:08:59.590 INFO [main] org.apache.catalina.startup.HostConfig.deployWAR Despliegue del archivo [C:\Users\Josec\volandouy\app-web\tomcat\webapps\app-web-jsp.war] de la aplicación web
28-Nov-2025 18:09:02.460 INFO [main] org.apache.jasper.servlet.TldScanner.scanJars Al menos un JAR, que se ha explorado buscando TLDs, aún no contenía TLDs. Activar historial de depuración para este historiador para una completa lista de los JARs que fueron explorados y de los que nos se halló TLDs. Saltarse JARs no necesarios durante la exploración puede dar lugar a una mejora de tiempo significativa en el arranque y compilación de JSP .
28-Nov-2025 18:09:02.594 INFO [main] org.apache.catalina.startup.HostConfig.deployWAR Deployment of web application archive [C:\Users\Josec\volandouy\app-web\tomcat\webapps\app-web-jsp.war] has finished in [3.003] ms
28-Nov-2025 18:09:02.595 INFO [main] org.apache.catalina.startup.HostConfig.deployDirectory Desplegando el directorio [C:\Users\Josec\volandouy\app-web\tomcat\webapps\docs] de la aplicación web
28-Nov-2025 18:09:02.647 INFO [main] org.apache.catalina.startup.HostConfig.deployDirectory Deployment of web application directory [C:\Users\Josec\volandouy\app-web\tomcat\webapps\docs] has finished in [52] ms
28-Nov-2025 18:09:02.647 INFO [main] org.apache.catalina.startup.HostConfig.deployDirectory Desplegando el directorio [C:\Users\Josec\volandouy\app-web\tomcat\webapps\examples] de la aplicación web
28-Nov-2025 18:09:03.298 INFO [main] org.apache.catalina.startup.HostConfig.deployDirectory Deployment of web application directory [C:\Users\Josec\volandouy\app-web\tomcat\webapps\examples] has finished in [651] ms
28-Nov-2025 18:09:03.299 INFO [main] org.apache.catalina.startup.HostConfig.deployDirectory Desplegando el directorio [C:\Users\Josec\volandouy\app-web\tomcat\webapps\host-manager] de la aplicación web
28-Nov-2025 18:09:03.367 INFO [main] org.apache.catalina.startup.HostConfig.deployDirectory Deployment of web application directory [C:\Users\Josec\volandouy\app-web\tomcat\webapps\host-manager] has finished in [69] ms
28-Nov-2025 18:09:03.367 INFO [main] org.apache.catalina.startup.HostConfig.deployDirectory Desplegando el directorio [C:\Users\Josec\volandouy\app-web\tomcat\webapps\manager] de la aplicación web
28-Nov-2025 18:09:03.428 INFO [main] org.apache.catalina.startup.HostConfig.deployDirectory Deployment of web application directory [C:\Users\Josec\volandouy\app-web\tomcat\webapps\manager] has finished in [60] ms
28-Nov-2025 18:09:03.428 INFO [main] org.apache.catalina.startup.HostConfig.deployDirectory Desplegando el directorio [C:\Users\Josec\volandouy\app-web\tomcat\webapps\ROOT] de la aplicación web
28-Nov-2025 18:09:03.480 INFO [main] org.apache.catalina.startup.HostConfig.deployDirectory Deployment of web application directory [C:\Users\Josec\volandouy\app-web\tomcat\webapps\ROOT] has finished in [52] ms
28-Nov-2025 18:09:03.483 INFO [main] org.apache.coyote.AbstractProtocol.start Starting ProtocolHandler ["http-nio-8085"]
28-Nov-2025 18:09:03.520 INFO [main] org.apache.catalina.startup.Catalina.start Server startup in [3984] milliseconds
28-Nov-2025 18:18:55.604 INFO [Thread-1] org.apache.coyote.AbstractProtocol.pause Pausing ProtocolHandler ["http-nio-8085"]
28-Nov-2025 18:18:55.621 INFO [Thread-1] org.apache.catalina.core.StandardService.stopInternal Parando servicio [Catalina]
28-Nov-2025 18:18:55.634 INFO [Thread-1] org.apache.coyote.AbstractProtocol.stop Stopping ProtocolHandler ["http-nio-8085"]
28-Nov-2025 18:18:55.652 INFO [Thread-1] org.apache.coyote.AbstractProtocol.destroy Destroying ProtocolHandler ["http-nio-8085"]
28-Nov-2025 18:20:12.033 INFO [main] org.apache.catalina.startup.VersionLoggerListener.log Nombre de la versión del servidor: Apache Tomcat/11.0.12
28-Nov-2025 18:20:12.038 INFO [main] org.apache.catalina.startup.VersionLoggerListener.log Server built:                      Oct 1 2025 07:01:27 UTC
28-Nov-2025 18:20:12.038 INFO [main] org.apache.catalina.startup.VersionLoggerListener.log Número de versión de servidor:     11.0.12.0
28-Nov-2025 18:20:12.038 INFO [main] org.apache.catalina.startup.VersionLoggerListener.log OS Name:                           Windows 11
28-Nov-2025 18:20:12.038 INFO [main] org.apache.catalina.startup.VersionLoggerListener.log Versión de Systema Operativo:      10.0
28-Nov-2025 18:20:12.039 INFO [main] org.apache.catalina.startup.VersionLoggerListener.log Arquitectura:                      amd64
28-Nov-2025 18:20:12.039 INFO [main] org.apache.catalina.startup.VersionLoggerListener.log Java Home:                         C:\Program Files\Java\jdk-17
28-Nov-2025 18:20:12.039 INFO [main] org.apache.catalina.startup.VersionLoggerListener.log JVM Version:                       17.0.12+8-LTS-286
28-Nov-2025 18:20:12.039 INFO [main] org.apache.catalina.startup.VersionLoggerListener.log Vededor JVM:                       Oracle Corporation
28-Nov-2025 18:20:12.039 INFO [main] org.apache.catalina.startup.VersionLoggerListener.log CATALINA_BASE:                     C:\Users\Josec\volandouy\app-web\tomcat
28-Nov-2025 18:20:12.039 INFO [main] org.apache.catalina.startup.VersionLoggerListener.log CATALINA_HOME:                     C:\Users\Josec\volandouy\app-web\tomcat
28-Nov-2025 18:20:12.047 INFO [main] org.apache.catalina.startup.VersionLoggerListener.log Command line argument:             -Djava.util.logging.config.file=C:\Users\Josec\volandouy\app-web\tomcat\conf\logging.properties
28-Nov-2025 18:20:12.047 INFO [main] org.apache.catalina.startup.VersionLoggerListener.log Command line argument:             -Djava.util.logging.manager=org.apache.juli.ClassLoaderLogManager
28-Nov-2025 18:20:12.047 INFO [main] org.apache.catalina.startup.VersionLoggerListener.log Command line argument:             -Djdk.tls.ephemeralDHKeySize=2048
28-Nov-2025 18:20:12.048 INFO [main] org.apache.catalina.startup.VersionLoggerListener.log Command line argument:             --add-opens=java.base/java.lang=ALL-UNNAMED
28-Nov-2025 18:20:12.048 INFO [main] org.apache.catalina.startup.VersionLoggerListener.log Command line argument:             --add-opens=java.base/java.lang.reflect=ALL-UNNAMED
28-Nov-2025 18:20:12.048 INFO [main] org.apache.catalina.startup.VersionLoggerListener.log Command line argument:             --add-opens=java.base/java.io=ALL-UNNAMED
28-Nov-2025 18:20:12.048 INFO [main] org.apache.catalina.startup.VersionLoggerListener.log Command line argument:             --add-opens=java.base/java.util=ALL-UNNAMED
28-Nov-2025 18:20:12.048 INFO [main] org.apache.catalina.startup.VersionLoggerListener.log Command line argument:             --add-opens=java.base/java.util.concurrent=ALL-UNNAMED
28-Nov-2025 18:20:12.048 INFO [main] org.apache.catalina.startup.VersionLoggerListener.log Command line argument:             --add-opens=java.rmi/sun.rmi.transport=ALL-UNNAMED
28-Nov-2025 18:20:12.048 INFO [main] org.apache.catalina.startup.VersionLoggerListener.log Command line argument:             --enable-native-access=ALL-UNNAMED
28-Nov-2025 18:20:12.048 INFO [main] org.apache.catalina.startup.VersionLoggerListener.log Command line argument:             -Dcatalina.base=C:\Users\Josec\volandouy\app-web\tomcat
28-Nov-2025 18:20:12.049 INFO [main] org.apache.catalina.startup.VersionLoggerListener.log Command line argument:             -Dcatalina.home=C:\Users\Josec\volandouy\app-web\tomcat
28-Nov-2025 18:20:12.049 INFO [main] org.apache.catalina.startup.VersionLoggerListener.log Command line argument:             -Djava.io.tmpdir=C:\Users\Josec\volandouy\app-web\tomcat\temp
28-Nov-2025 18:20:12.091 INFO [main] org.apache.catalina.core.AprLifecycleListener.lifecycleEvent La biblioteca nativa de Apache Tomcat basada en ARP que permite un rendimiento óptimo en entornos de desarrollo no ha sido hallada en java.library.path: [C:\Program Files\Java\jdk-17\bin;C:\Windows\Sun\Java\bin;C:\Windows\system32;C:\Windows;C:\Program Files\Java\jdk-17\bin;C:\Program Files\Common Files\Oracle\Java\javapath;C:\Program Files (x86)\Common Files\Oracle\Java\java8path;C:\Program Files (x86)\Common Files\Oracle\Java\javapath;C:\Windows\system32;C:\Windows;C:\Windows\System32\Wbem;C:\Windows\System32\WindowsPowerShell\v1.0\;C:\Windows\System32\OpenSSH\;C:\Program Files\Git\cmd;C:\Program Files\nodejs\;C:\laragon\bin\php\php-8.4.3-Win32-vs17-x64;C:\Users\Josec\composer.phar;C:\ProgramData\ComposerSetup\bin;C:\Program Files\NVIDIA Corporation\NVIDIA app\NvDLISR;C:\Program Files (x86)\SoftDevLabs\CTCI-WIN;C:\Program Files (x86)\SoftDevLabs\FishLib;C:\curl;C:\Program Files (x86)\NVIDIA Corporation\PhysX\Common;C:\msys64\ucrt64\bin;C:\ProgramData\chocolatey\bin;C:\Users\Josec\.config\herd\bin\nvm;C:\Program Files\nodejs;C:\Program Files\Docker\Docker\resources\bin;C:\Program Files\Java\jdk-24;C:\Program Files\Java\jdk-24\bin;c:\Users\Josec\AppData\Local\Programs\cursor\resources\app\bin;C:\Maven\apache-maven-3.9.10\bin;C:\sonar-scanner-7.1.0.4889-windows-x64\bin;C:\Program Files\PuTTY\;C:\Program Files\dotnet\;C:\Program Files\Cloudflare\Cloudflare WARP\;C:\Users\Josec\AppData\Local\Programs\Python\Python313\Scripts\;C:\Users\Josec\AppData\Local\Programs\Python\Python313\;C:\Users\Josec\AppData\Local\Programs\Python\Launcher\;C:\Program Files\Java\jdk-17\bin;C:\Users\Josec\.config\herd\bin;C:\Users\Josec\scoop\shims;C:\laragon\bin;C:\laragon\bin\apache\httpd-2.4.62-240904-win64-VS17\bin;C:\laragon\bin\composer;C:\laragon\bin\git\bin;C:\laragon\bin\git\cmd;C:\laragon\bin\git\mingw64\bin;C:\laragon\bin\git\usr\bin;C:\laragon\bin\laragon\utils;C:\laragon\bin\mysql\mysql-8.0.30-winx64\bin;C:\laragon\bin\nginx\nginx-1.22.0;C:\laragon\bin\ngrok;C:\laragon\bin\nodejs\node-v18;C:\laragon\bin\notepad++;C:\laragon\bin\php\php-8.4.3-Win32-vs17-x64;C:\laragon\bin\python\python-3.10;C:\laragon\bin\python\python-3.10\Scripts;C:\laragon\bin\redis\redis-x64-5.0.14.1;C:\laragon\bin\telnet;C:\laragon\usr\bin;C:\Users\Josec\AppData\Local\Yarn\config\global\node_modules\.bin;C:\Users\Josec\AppData\Roaming\Composer\vendor\bin;C:\Users\Josec\AppData\Roaming\npm;C:\Users\Josec\AppData\Local\Microsoft\WindowsApps;C:\Users\Josec\AppData\Local\Programs\Microsoft VS Code\bin;C:\Users\Josec\AppData\Local\ComposerSetup\bin;C:\Program Files\Tesseract-OCR;C:\Program Files\JetBrains\IntelliJ IDEA 2025.1.1.1\bin;;C:\Maven\apache-maven-3.9.10;C:\sonar-scanner-7.1.0.4889-windows-x64\bin;C:\Users\Josec\.dotnet\tools;C:\Program Files\JetBrains\PyCharm 2025.2.1.1\bin;C:\Drivers\allure-2.13.9\bin;;.]
28-Nov-2025 18:20:12.244 INFO [main] org.apache.coyote.AbstractProtocol.init Inicializando el manejador de protocolo ["http-nio-8085"]

28-Nov-2025 18:20:12.266 INFO [main] org.apache.catalina.startup.Catalina.load Server initialization in [383] milliseconds
28-Nov-2025 18:20:12.301 INFO [main] org.apache.catalina.core.StandardService.startInternal Arrancando servicio [Catalina]
28-Nov-2025 18:20:12.301 INFO [main] org.apache.catalina.core.StandardEngine.startInternal Starting Servlet engine: [Apache Tomcat/11.0.12]
28-Nov-2025 18:20:12.325 INFO [main] org.apache.catalina.startup.HostConfig.deployWAR Despliegue del archivo [C:\Users\Josec\volandouy\app-web\tomcat\webapps\app-web-jsp.war] de la aplicación web
28-Nov-2025 18:20:14.397 INFO [main] org.apache.jasper.servlet.TldScanner.scanJars Al menos un JAR, que se ha explorado buscando TLDs, aún no contenía TLDs. Activar historial de depuración para este historiador para una completa lista de los JARs que fueron explorados y de los que nos se halló TLDs. Saltarse JARs no necesarios durante la exploración puede dar lugar a una mejora de tiempo significativa en el arranque y compilación de JSP .
28-Nov-2025 18:20:14.521 INFO [main] org.apache.catalina.startup.HostConfig.deployWAR Deployment of web application archive [C:\Users\Josec\volandouy\app-web\tomcat\webapps\app-web-jsp.war] has finished in [2.195] ms
28-Nov-2025 18:20:14.521 INFO [main] org.apache.catalina.startup.HostConfig.deployDirectory Desplegando el directorio [C:\Users\Josec\volandouy\app-web\tomcat\webapps\docs] de la aplicación web
28-Nov-2025 18:20:14.563 INFO [main] org.apache.catalina.startup.HostConfig.deployDirectory Deployment of web application directory [C:\Users\Josec\volandouy\app-web\tomcat\webapps\docs] has finished in [42] ms
28-Nov-2025 18:20:14.563 INFO [main] org.apache.catalina.startup.HostConfig.deployDirectory Desplegando el directorio [C:\Users\Josec\volandouy\app-web\tomcat\webapps\examples] de la aplicación web
28-Nov-2025 18:20:15.087 INFO [main] org.apache.catalina.startup.HostConfig.deployDirectory Deployment of web application directory [C:\Users\Josec\volandouy\app-web\tomcat\webapps\examples] has finished in [524] ms
28-Nov-2025 18:20:15.087 INFO [main] org.apache.catalina.startup.HostConfig.deployDirectory Desplegando el directorio [C:\Users\Josec\volandouy\app-web\tomcat\webapps\host-manager] de la aplicación web
28-Nov-2025 18:20:15.132 INFO [main] org.apache.catalina.startup.HostConfig.deployDirectory Deployment of web application directory [C:\Users\Josec\volandouy\app-web\tomcat\webapps\host-manager] has finished in [45] ms
28-Nov-2025 18:20:15.132 INFO [main] org.apache.catalina.startup.HostConfig.deployDirectory Desplegando el directorio [C:\Users\Josec\volandouy\app-web\tomcat\webapps\manager] de la aplicación web
28-Nov-2025 18:20:15.173 INFO [main] org.apache.catalina.startup.HostConfig.deployDirectory Deployment of web application directory [C:\Users\Josec\volandouy\app-web\tomcat\webapps\manager] has finished in [40] ms
28-Nov-2025 18:20:15.173 INFO [main] org.apache.catalina.startup.HostConfig.deployDirectory Desplegando el directorio [C:\Users\Josec\volandouy\app-web\tomcat\webapps\ROOT] de la aplicación web
28-Nov-2025 18:20:15.203 INFO [main] org.apache.catalina.startup.HostConfig.deployDirectory Deployment of web application directory [C:\Users\Josec\volandouy\app-web\tomcat\webapps\ROOT] has finished in [30] ms
28-Nov-2025 18:20:15.208 INFO [main] org.apache.coyote.AbstractProtocol.start Starting ProtocolHandler ["http-nio-8085"]
28-Nov-2025 18:20:15.238 INFO [main] org.apache.catalina.startup.Catalina.start Server startup in [2973] milliseconds
28-Nov-2025 18:25:21.942 INFO [Thread-1] org.apache.coyote.AbstractProtocol.pause Pausing ProtocolHandler ["http-nio-8085"]
28-Nov-2025 18:25:21.960 INFO [Thread-1] org.apache.catalina.core.StandardService.stopInternal Parando servicio [Catalina]
28-Nov-2025 18:25:21.973 INFO [Thread-1] org.apache.coyote.AbstractProtocol.stop Stopping ProtocolHandler ["http-nio-8085"]
28-Nov-2025 18:25:21.990 INFO [Thread-1] org.apache.coyote.AbstractProtocol.destroy Destroying ProtocolHandler ["http-nio-8085"]
28-Nov-2025 18:27:42.471 INFO [main] org.apache.catalina.startup.VersionLoggerListener.log Nombre de la versión del servidor: Apache Tomcat/11.0.12
28-Nov-2025 18:27:42.474 INFO [main] org.apache.catalina.startup.VersionLoggerListener.log Server built:                      Oct 1 2025 07:01:27 UTC
28-Nov-2025 18:27:42.474 INFO [main] org.apache.catalina.startup.VersionLoggerListener.log Número de versión de servidor:     11.0.12.0
28-Nov-2025 18:27:42.475 INFO [main] org.apache.catalina.startup.VersionLoggerListener.log OS Name:                           Windows 11
28-Nov-2025 18:27:42.475 INFO [main] org.apache.catalina.startup.VersionLoggerListener.log Versión de Systema Operativo:      10.0
28-Nov-2025 18:27:42.475 INFO [main] org.apache.catalina.startup.VersionLoggerListener.log Arquitectura:                      amd64
28-Nov-2025 18:27:42.475 INFO [main] org.apache.catalina.startup.VersionLoggerListener.log Java Home:                         C:\Program Files\Java\jdk-17
28-Nov-2025 18:27:42.475 INFO [main] org.apache.catalina.startup.VersionLoggerListener.log JVM Version:                       17.0.12+8-LTS-286
28-Nov-2025 18:27:42.475 INFO [main] org.apache.catalina.startup.VersionLoggerListener.log Vededor JVM:                       Oracle Corporation
28-Nov-2025 18:27:42.475 INFO [main] org.apache.catalina.startup.VersionLoggerListener.log CATALINA_BASE:                     C:\Users\Josec\volandouy\app-web\tomcat
28-Nov-2025 18:27:42.476 INFO [main] org.apache.catalina.startup.VersionLoggerListener.log CATALINA_HOME:                     C:\Users\Josec\volandouy\app-web\tomcat
28-Nov-2025 18:27:42.484 INFO [main] org.apache.catalina.startup.VersionLoggerListener.log Command line argument:             -Djava.util.logging.config.file=C:\Users\Josec\volandouy\app-web\tomcat\conf\logging.properties
28-Nov-2025 18:27:42.484 INFO [main] org.apache.catalina.startup.VersionLoggerListener.log Command line argument:             -Djava.util.logging.manager=org.apache.juli.ClassLoaderLogManager
28-Nov-2025 18:27:42.484 INFO [main] org.apache.catalina.startup.VersionLoggerListener.log Command line argument:             -Djdk.tls.ephemeralDHKeySize=2048
28-Nov-2025 18:27:42.484 INFO [main] org.apache.catalina.startup.VersionLoggerListener.log Command line argument:             --add-opens=java.base/java.lang=ALL-UNNAMED
28-Nov-2025 18:27:42.485 INFO [main] org.apache.catalina.startup.VersionLoggerListener.log Command line argument:             --add-opens=java.base/java.lang.reflect=ALL-UNNAMED
28-Nov-2025 18:27:42.485 INFO [main] org.apache.catalina.startup.VersionLoggerListener.log Command line argument:             --add-opens=java.base/java.io=ALL-UNNAMED
28-Nov-2025 18:27:42.485 INFO [main] org.apache.catalina.startup.VersionLoggerListener.log Command line argument:             --add-opens=java.base/java.util=ALL-UNNAMED
28-Nov-2025 18:27:42.485 INFO [main] org.apache.catalina.startup.VersionLoggerListener.log Command line argument:             --add-opens=java.base/java.util.concurrent=ALL-UNNAMED
28-Nov-2025 18:27:42.485 INFO [main] org.apache.catalina.startup.VersionLoggerListener.log Command line argument:             --add-opens=java.rmi/sun.rmi.transport=ALL-UNNAMED
28-Nov-2025 18:27:42.485 INFO [main] org.apache.catalina.startup.VersionLoggerListener.log Command line argument:             --enable-native-access=ALL-UNNAMED
28-Nov-2025 18:27:42.485 INFO [main] org.apache.catalina.startup.VersionLoggerListener.log Command line argument:             -Dcatalina.base=C:\Users\Josec\volandouy\app-web\tomcat
28-Nov-2025 18:27:42.485 INFO [main] org.apache.catalina.startup.VersionLoggerListener.log Command line argument:             -Dcatalina.home=C:\Users\Josec\volandouy\app-web\tomcat
28-Nov-2025 18:27:42.486 INFO [main] org.apache.catalina.startup.VersionLoggerListener.log Command line argument:             -Djava.io.tmpdir=C:\Users\Josec\volandouy\app-web\tomcat\temp
28-Nov-2025 18:27:42.538 INFO [main] org.apache.catalina.core.AprLifecycleListener.lifecycleEvent La biblioteca nativa de Apache Tomcat basada en ARP que permite un rendimiento óptimo en entornos de desarrollo no ha sido hallada en java.library.path: [C:\Program Files\Java\jdk-17\bin;C:\Windows\Sun\Java\bin;C:\Windows\system32;C:\Windows;C:\Program Files\Java\jdk-17\bin;C:\Program Files\Common Files\Oracle\Java\javapath;C:\Program Files (x86)\Common Files\Oracle\Java\java8path;C:\Program Files (x86)\Common Files\Oracle\Java\javapath;C:\Windows\system32;C:\Windows;C:\Windows\System32\Wbem;C:\Windows\System32\WindowsPowerShell\v1.0\;C:\Windows\System32\OpenSSH\;C:\Program Files\Git\cmd;C:\Program Files\nodejs\;C:\laragon\bin\php\php-8.4.3-Win32-vs17-x64;C:\Users\Josec\composer.phar;C:\ProgramData\ComposerSetup\bin;C:\Program Files\NVIDIA Corporation\NVIDIA app\NvDLISR;C:\Program Files (x86)\SoftDevLabs\CTCI-WIN;C:\Program Files (x86)\SoftDevLabs\FishLib;C:\curl;C:\Program Files (x86)\NVIDIA Corporation\PhysX\Common;C:\msys64\ucrt64\bin;C:\ProgramData\chocolatey\bin;C:\Users\Josec\.config\herd\bin\nvm;C:\Program Files\nodejs;C:\Program Files\Docker\Docker\resources\bin;C:\Program Files\Java\jdk-24;C:\Program Files\Java\jdk-24\bin;c:\Users\Josec\AppData\Local\Programs\cursor\resources\app\bin;C:\Maven\apache-maven-3.9.10\bin;C:\sonar-scanner-7.1.0.4889-windows-x64\bin;C:\Program Files\PuTTY\;C:\Program Files\dotnet\;C:\Program Files\Cloudflare\Cloudflare WARP\;C:\Users\Josec\AppData\Local\Programs\Python\Python313\Scripts\;C:\Users\Josec\AppData\Local\Programs\Python\Python313\;C:\Users\Josec\AppData\Local\Programs\Python\Launcher\;C:\Program Files\Java\jdk-17\bin;C:\Users\Josec\.config\herd\bin;C:\Users\Josec\scoop\shims;C:\laragon\bin;C:\laragon\bin\apache\httpd-2.4.62-240904-win64-VS17\bin;C:\laragon\bin\composer;C:\laragon\bin\git\bin;C:\laragon\bin\git\cmd;C:\laragon\bin\git\mingw64\bin;C:\laragon\bin\git\usr\bin;C:\laragon\bin\laragon\utils;C:\laragon\bin\mysql\mysql-8.0.30-winx64\bin;C:\laragon\bin\nginx\nginx-1.22.0;C:\laragon\bin\ngrok;C:\laragon\bin\nodejs\node-v18;C:\laragon\bin\notepad++;C:\laragon\bin\php\php-8.4.3-Win32-vs17-x64;C:\laragon\bin\python\python-3.10;C:\laragon\bin\python\python-3.10\Scripts;C:\laragon\bin\redis\redis-x64-5.0.14.1;C:\laragon\bin\telnet;C:\laragon\usr\bin;C:\Users\Josec\AppData\Local\Yarn\config\global\node_modules\.bin;C:\Users\Josec\AppData\Roaming\Composer\vendor\bin;C:\Users\Josec\AppData\Roaming\npm;C:\Users\Josec\AppData\Local\Microsoft\WindowsApps;C:\Users\Josec\AppData\Local\Programs\Microsoft VS Code\bin;C:\Users\Josec\AppData\Local\ComposerSetup\bin;C:\Program Files\Tesseract-OCR;C:\Program Files\JetBrains\IntelliJ IDEA 2025.1.1.1\bin;;C:\Maven\apache-maven-3.9.10;C:\sonar-scanner-7.1.0.4889-windows-x64\bin;C:\Users\Josec\.dotnet\tools;C:\Program Files\JetBrains\PyCharm 2025.2.1.1\bin;C:\Drivers\allure-2.13.9\bin;;.]
28-Nov-2025 18:27:42.720 INFO [main] org.apache.coyote.AbstractProtocol.init Inicializando el manejador de protocolo ["http-nio-8085"]

28-Nov-2025 18:27:42.742 INFO [main] org.apache.catalina.startup.Catalina.load Server initialization in [414] milliseconds
28-Nov-2025 18:27:42.776 INFO [main] org.apache.catalina.core.StandardService.startInternal Arrancando servicio [Catalina]
28-Nov-2025 18:27:42.776 INFO [main] org.apache.catalina.core.StandardEngine.startInternal Starting Servlet engine: [Apache Tomcat/11.0.12]
28-Nov-2025 18:27:42.795 INFO [main] org.apache.catalina.startup.HostConfig.deployWAR Despliegue del archivo [C:\Users\Josec\volandouy\app-web\tomcat\webapps\app-web-jsp.war] de la aplicación web
28-Nov-2025 18:27:42.813 INFO [main] org.apache.catalina.startup.ExpandWar.expand An expanded directory [C:\Users\Josec\volandouy\app-web\tomcat\webapps\app-web-jsp] was found with a last modified time that did not match the associated WAR. It will be deleted.
28-Nov-2025 18:27:45.599 INFO [main] org.apache.jasper.servlet.TldScanner.scanJars Al menos un JAR, que se ha explorado buscando TLDs, aún no contenía TLDs. Activar historial de depuración para este historiador para una completa lista de los JARs que fueron explorados y de los que nos se halló TLDs. Saltarse JARs no necesarios durante la exploración puede dar lugar a una mejora de tiempo significativa en el arranque y compilación de JSP .
28-Nov-2025 18:27:45.704 INFO [main] org.apache.catalina.startup.HostConfig.deployWAR Deployment of web application archive [C:\Users\Josec\volandouy\app-web\tomcat\webapps\app-web-jsp.war] has finished in [2.907] ms
28-Nov-2025 18:27:45.705 INFO [main] org.apache.catalina.startup.HostConfig.deployDirectory Desplegando el directorio [C:\Users\Josec\volandouy\app-web\tomcat\webapps\docs] de la aplicación web
28-Nov-2025 18:27:45.744 INFO [main] org.apache.catalina.startup.HostConfig.deployDirectory Deployment of web application directory [C:\Users\Josec\volandouy\app-web\tomcat\webapps\docs] has finished in [38] ms
28-Nov-2025 18:27:45.744 INFO [main] org.apache.catalina.startup.HostConfig.deployDirectory Desplegando el directorio [C:\Users\Josec\volandouy\app-web\tomcat\webapps\examples] de la aplicación web
28-Nov-2025 18:27:46.268 INFO [main] org.apache.catalina.startup.HostConfig.deployDirectory Deployment of web application directory [C:\Users\Josec\volandouy\app-web\tomcat\webapps\examples] has finished in [524] ms
28-Nov-2025 18:27:46.268 INFO [main] org.apache.catalina.startup.HostConfig.deployDirectory Desplegando el directorio [C:\Users\Josec\volandouy\app-web\tomcat\webapps\host-manager] de la aplicación web
28-Nov-2025 18:27:46.316 INFO [main] org.apache.catalina.startup.HostConfig.deployDirectory Deployment of web application directory [C:\Users\Josec\volandouy\app-web\tomcat\webapps\host-manager] has finished in [47] ms
28-Nov-2025 18:27:46.316 INFO [main] org.apache.catalina.startup.HostConfig.deployDirectory Desplegando el directorio [C:\Users\Josec\volandouy\app-web\tomcat\webapps\manager] de la aplicación web
28-Nov-2025 18:27:46.364 INFO [main] org.apache.catalina.startup.HostConfig.deployDirectory Deployment of web application directory [C:\Users\Josec\volandouy\app-web\tomcat\webapps\manager] has finished in [47] ms
28-Nov-2025 18:27:46.364 INFO [main] org.apache.catalina.startup.HostConfig.deployDirectory Desplegando el directorio [C:\Users\Josec\volandouy\app-web\tomcat\webapps\ROOT] de la aplicación web
28-Nov-2025 18:27:46.402 INFO [main] org.apache.catalina.startup.HostConfig.deployDirectory Deployment of web application directory [C:\Users\Josec\volandouy\app-web\tomcat\webapps\ROOT] has finished in [38] ms
28-Nov-2025 18:27:46.405 INFO [main] org.apache.coyote.AbstractProtocol.start Starting ProtocolHandler ["http-nio-8085"]
28-Nov-2025 18:27:46.441 INFO [main] org.apache.catalina.startup.Catalina.start Server startup in [3699] milliseconds
28-Nov-2025 18:32:36.956 INFO [Thread-1] org.apache.coyote.AbstractProtocol.pause Pausing ProtocolHandler ["http-nio-8085"]
28-Nov-2025 18:32:36.974 INFO [Thread-1] org.apache.catalina.core.StandardService.stopInternal Parando servicio [Catalina]
28-Nov-2025 18:32:36.987 INFO [Thread-1] org.apache.coyote.AbstractProtocol.stop Stopping ProtocolHandler ["http-nio-8085"]
28-Nov-2025 18:32:37.001 INFO [Thread-1] org.apache.coyote.AbstractProtocol.destroy Destroying ProtocolHandler ["http-nio-8085"]
28-Nov-2025 18:32:39.573 SEVERE [main] org.apache.catalina.startup.Catalina.stopServer Could not contact [localhost:8005] (base port [8005] and offset [0]). Tomcat may not be running.
28-Nov-2025 18:32:39.576 SEVERE [main] org.apache.catalina.startup.Catalina.stopServer Error stopping Catalina
	java.net.ConnectException: Connection refused: connect
		at java.base/sun.nio.ch.Net.connect0(Native Method)
		at java.base/sun.nio.ch.Net.connect(Net.java:579)
		at java.base/sun.nio.ch.Net.connect(Net.java:568)
		at java.base/sun.nio.ch.NioSocketImpl.connect(NioSocketImpl.java:593)
		at java.base/java.net.SocksSocketImpl.connect(SocksSocketImpl.java:327)
		at java.base/java.net.Socket.connect(Socket.java:633)
		at java.base/java.net.Socket.connect(Socket.java:583)
		at java.base/java.net.Socket.<init>(Socket.java:507)
		at java.base/java.net.Socket.<init>(Socket.java:287)
		at org.apache.catalina.startup.Catalina.stopServer(Catalina.java:652)
		at java.base/jdk.internal.reflect.NativeMethodAccessorImpl.invoke0(Native Method)
		at java.base/jdk.internal.reflect.NativeMethodAccessorImpl.invoke(NativeMethodAccessorImpl.java:77)
		at java.base/jdk.internal.reflect.DelegatingMethodAccessorImpl.invoke(DelegatingMethodAccessorImpl.java:43)
		at java.base/java.lang.reflect.Method.invoke(Method.java:568)
		at org.apache.catalina.startup.Bootstrap.stopServer(Bootstrap.java:387)
		at org.apache.catalina.startup.Bootstrap.main(Bootstrap.java:476)
28-Nov-2025 18:32:42.625 INFO [main] org.apache.catalina.startup.VersionLoggerListener.log Nombre de la versión del servidor: Apache Tomcat/11.0.12
28-Nov-2025 18:32:42.628 INFO [main] org.apache.catalina.startup.VersionLoggerListener.log Server built:                      Oct 1 2025 07:01:27 UTC
28-Nov-2025 18:32:42.628 INFO [main] org.apache.catalina.startup.VersionLoggerListener.log Número de versión de servidor:     11.0.12.0
28-Nov-2025 18:32:42.628 INFO [main] org.apache.catalina.startup.VersionLoggerListener.log OS Name:                           Windows 11
28-Nov-2025 18:32:42.629 INFO [main] org.apache.catalina.startup.VersionLoggerListener.log Versión de Systema Operativo:      10.0
28-Nov-2025 18:32:42.629 INFO [main] org.apache.catalina.startup.VersionLoggerListener.log Arquitectura:                      amd64
28-Nov-2025 18:32:42.629 INFO [main] org.apache.catalina.startup.VersionLoggerListener.log Java Home:                         C:\Program Files\Java\jdk-17
28-Nov-2025 18:32:42.629 INFO [main] org.apache.catalina.startup.VersionLoggerListener.log JVM Version:                       17.0.12+8-LTS-286
28-Nov-2025 18:32:42.629 INFO [main] org.apache.catalina.startup.VersionLoggerListener.log Vededor JVM:                       Oracle Corporation
28-Nov-2025 18:32:42.629 INFO [main] org.apache.catalina.startup.VersionLoggerListener.log CATALINA_BASE:                     C:\Users\Josec\volandouy\app-web\tomcat
28-Nov-2025 18:32:42.630 INFO [main] org.apache.catalina.startup.VersionLoggerListener.log CATALINA_HOME:                     C:\Users\Josec\volandouy\app-web\tomcat
28-Nov-2025 18:32:42.639 INFO [main] org.apache.catalina.startup.VersionLoggerListener.log Command line argument:             -Djava.util.logging.config.file=C:\Users\Josec\volandouy\app-web\tomcat\conf\logging.properties
28-Nov-2025 18:32:42.639 INFO [main] org.apache.catalina.startup.VersionLoggerListener.log Command line argument:             -Djava.util.logging.manager=org.apache.juli.ClassLoaderLogManager
28-Nov-2025 18:32:42.639 INFO [main] org.apache.catalina.startup.VersionLoggerListener.log Command line argument:             -Djdk.tls.ephemeralDHKeySize=2048
28-Nov-2025 18:32:42.640 INFO [main] org.apache.catalina.startup.VersionLoggerListener.log Command line argument:             --add-opens=java.base/java.lang=ALL-UNNAMED
28-Nov-2025 18:32:42.640 INFO [main] org.apache.catalina.startup.VersionLoggerListener.log Command line argument:             --add-opens=java.base/java.lang.reflect=ALL-UNNAMED
28-Nov-2025 18:32:42.640 INFO [main] org.apache.catalina.startup.VersionLoggerListener.log Command line argument:             --add-opens=java.base/java.io=ALL-UNNAMED
28-Nov-2025 18:32:42.640 INFO [main] org.apache.catalina.startup.VersionLoggerListener.log Command line argument:             --add-opens=java.base/java.util=ALL-UNNAMED
28-Nov-2025 18:32:42.641 INFO [main] org.apache.catalina.startup.VersionLoggerListener.log Command line argument:             --add-opens=java.base/java.util.concurrent=ALL-UNNAMED
28-Nov-2025 18:32:42.641 INFO [main] org.apache.catalina.startup.VersionLoggerListener.log Command line argument:             --add-opens=java.rmi/sun.rmi.transport=ALL-UNNAMED
28-Nov-2025 18:32:42.641 INFO [main] org.apache.catalina.startup.VersionLoggerListener.log Command line argument:             --enable-native-access=ALL-UNNAMED
28-Nov-2025 18:32:42.641 INFO [main] org.apache.catalina.startup.VersionLoggerListener.log Command line argument:             -Dcatalina.base=C:\Users\Josec\volandouy\app-web\tomcat
28-Nov-2025 18:32:42.641 INFO [main] org.apache.catalina.startup.VersionLoggerListener.log Command line argument:             -Dcatalina.home=C:\Users\Josec\volandouy\app-web\tomcat
28-Nov-2025 18:32:42.641 INFO [main] org.apache.catalina.startup.VersionLoggerListener.log Command line argument:             -Djava.io.tmpdir=C:\Users\Josec\volandouy\app-web\tomcat\temp
28-Nov-2025 18:32:42.684 INFO [main] org.apache.catalina.core.AprLifecycleListener.lifecycleEvent La biblioteca nativa de Apache Tomcat basada en ARP que permite un rendimiento óptimo en entornos de desarrollo no ha sido hallada en java.library.path: [C:\Program Files\Java\jdk-17\bin;C:\Windows\Sun\Java\bin;C:\Windows\system32;C:\Windows;C:\Program Files\Java\jdk-17\bin;C:\Program Files\Common Files\Oracle\Java\javapath;C:\Program Files (x86)\Common Files\Oracle\Java\java8path;C:\Program Files (x86)\Common Files\Oracle\Java\javapath;C:\Windows\system32;C:\Windows;C:\Windows\System32\Wbem;C:\Windows\System32\WindowsPowerShell\v1.0\;C:\Windows\System32\OpenSSH\;C:\Program Files\Git\cmd;C:\Program Files\nodejs\;C:\laragon\bin\php\php-8.4.3-Win32-vs17-x64;C:\Users\Josec\composer.phar;C:\ProgramData\ComposerSetup\bin;C:\Program Files\NVIDIA Corporation\NVIDIA app\NvDLISR;C:\Program Files (x86)\SoftDevLabs\CTCI-WIN;C:\Program Files (x86)\SoftDevLabs\FishLib;C:\curl;C:\Program Files (x86)\NVIDIA Corporation\PhysX\Common;C:\msys64\ucrt64\bin;C:\ProgramData\chocolatey\bin;C:\Users\Josec\.config\herd\bin\nvm;C:\Program Files\nodejs;C:\Program Files\Docker\Docker\resources\bin;C:\Program Files\Java\jdk-24;C:\Program Files\Java\jdk-24\bin;c:\Users\Josec\AppData\Local\Programs\cursor\resources\app\bin;C:\Maven\apache-maven-3.9.10\bin;C:\sonar-scanner-7.1.0.4889-windows-x64\bin;C:\Program Files\PuTTY\;C:\Program Files\dotnet\;C:\Program Files\Cloudflare\Cloudflare WARP\;C:\Users\Josec\AppData\Local\Programs\Python\Python313\Scripts\;C:\Users\Josec\AppData\Local\Programs\Python\Python313\;C:\Users\Josec\AppData\Local\Programs\Python\Launcher\;C:\Program Files\Java\jdk-17\bin;C:\Users\Josec\.config\herd\bin;C:\Users\Josec\scoop\shims;C:\laragon\bin;C:\laragon\bin\apache\httpd-2.4.62-240904-win64-VS17\bin;C:\laragon\bin\composer;C:\laragon\bin\git\bin;C:\laragon\bin\git\cmd;C:\laragon\bin\git\mingw64\bin;C:\laragon\bin\git\usr\bin;C:\laragon\bin\laragon\utils;C:\laragon\bin\mysql\mysql-8.0.30-winx64\bin;C:\laragon\bin\nginx\nginx-1.22.0;C:\laragon\bin\ngrok;C:\laragon\bin\nodejs\node-v18;C:\laragon\bin\notepad++;C:\laragon\bin\php\php-8.4.3-Win32-vs17-x64;C:\laragon\bin\python\python-3.10;C:\laragon\bin\python\python-3.10\Scripts;C:\laragon\bin\redis\redis-x64-5.0.14.1;C:\laragon\bin\telnet;C:\laragon\usr\bin;C:\Users\Josec\AppData\Local\Yarn\config\global\node_modules\.bin;C:\Users\Josec\AppData\Roaming\Composer\vendor\bin;C:\Users\Josec\AppData\Roaming\npm;C:\Users\Josec\AppData\Local\Microsoft\WindowsApps;C:\Users\Josec\AppData\Local\Programs\Microsoft VS Code\bin;C:\Users\Josec\AppData\Local\ComposerSetup\bin;C:\Program Files\Tesseract-OCR;C:\Program Files\JetBrains\IntelliJ IDEA 2025.1.1.1\bin;;C:\Maven\apache-maven-3.9.10;C:\sonar-scanner-7.1.0.4889-windows-x64\bin;C:\Users\Josec\.dotnet\tools;C:\Program Files\JetBrains\PyCharm 2025.2.1.1\bin;C:\Drivers\allure-2.13.9\bin;;.]
28-Nov-2025 18:32:42.847 INFO [main] org.apache.coyote.AbstractProtocol.init Inicializando el manejador de protocolo ["http-nio-8085"]

28-Nov-2025 18:32:42.867 INFO [main] org.apache.catalina.startup.Catalina.load Server initialization in [382] milliseconds
28-Nov-2025 18:32:42.905 INFO [main] org.apache.catalina.core.StandardService.startInternal Arrancando servicio [Catalina]
28-Nov-2025 18:32:42.907 INFO [main] org.apache.catalina.core.StandardEngine.startInternal Starting Servlet engine: [Apache Tomcat/11.0.12]
28-Nov-2025 18:32:42.927 INFO [main] org.apache.catalina.startup.HostConfig.deployWAR Despliegue del archivo [C:\Users\Josec\volandouy\app-web\tomcat\webapps\app-web-jsp.war] de la aplicación web
28-Nov-2025 18:32:42.949 INFO [main] org.apache.catalina.startup.ExpandWar.expand An expanded directory [C:\Users\Josec\volandouy\app-web\tomcat\webapps\app-web-jsp] was found with a last modified time that did not match the associated WAR. It will be deleted.
28-Nov-2025 18:32:45.864 INFO [main] org.apache.jasper.servlet.TldScanner.scanJars Al menos un JAR, que se ha explorado buscando TLDs, aún no contenía TLDs. Activar historial de depuración para este historiador para una completa lista de los JARs que fueron explorados y de los que nos se halló TLDs. Saltarse JARs no necesarios durante la exploración puede dar lugar a una mejora de tiempo significativa en el arranque y compilación de JSP .
28-Nov-2025 18:32:45.967 INFO [main] org.apache.catalina.startup.HostConfig.deployWAR Deployment of web application archive [C:\Users\Josec\volandouy\app-web\tomcat\webapps\app-web-jsp.war] has finished in [3.038] ms
28-Nov-2025 18:32:45.968 INFO [main] org.apache.catalina.startup.HostConfig.deployDirectory Desplegando el directorio [C:\Users\Josec\volandouy\app-web\tomcat\webapps\docs] de la aplicación web
28-Nov-2025 18:32:46.008 INFO [main] org.apache.catalina.startup.HostConfig.deployDirectory Deployment of web application directory [C:\Users\Josec\volandouy\app-web\tomcat\webapps\docs] has finished in [39] ms
28-Nov-2025 18:32:46.008 INFO [main] org.apache.catalina.startup.HostConfig.deployDirectory Desplegando el directorio [C:\Users\Josec\volandouy\app-web\tomcat\webapps\examples] de la aplicación web
28-Nov-2025 18:32:46.575 INFO [main] org.apache.catalina.startup.HostConfig.deployDirectory Deployment of web application directory [C:\Users\Josec\volandouy\app-web\tomcat\webapps\examples] has finished in [567] ms
28-Nov-2025 18:32:46.575 INFO [main] org.apache.catalina.startup.HostConfig.deployDirectory Desplegando el directorio [C:\Users\Josec\volandouy\app-web\tomcat\webapps\host-manager] de la aplicación web
28-Nov-2025 18:32:46.615 INFO [main] org.apache.catalina.startup.HostConfig.deployDirectory Deployment of web application directory [C:\Users\Josec\volandouy\app-web\tomcat\webapps\host-manager] has finished in [40] ms
28-Nov-2025 18:32:46.616 INFO [main] org.apache.catalina.startup.HostConfig.deployDirectory Desplegando el directorio [C:\Users\Josec\volandouy\app-web\tomcat\webapps\manager] de la aplicación web
28-Nov-2025 18:32:46.661 INFO [main] org.apache.catalina.startup.HostConfig.deployDirectory Deployment of web application directory [C:\Users\Josec\volandouy\app-web\tomcat\webapps\manager] has finished in [45] ms
28-Nov-2025 18:32:46.662 INFO [main] org.apache.catalina.startup.HostConfig.deployDirectory Desplegando el directorio [C:\Users\Josec\volandouy\app-web\tomcat\webapps\ROOT] de la aplicación web
28-Nov-2025 18:32:46.695 INFO [main] org.apache.catalina.startup.HostConfig.deployDirectory Deployment of web application directory [C:\Users\Josec\volandouy\app-web\tomcat\webapps\ROOT] has finished in [33] ms
28-Nov-2025 18:32:46.699 INFO [main] org.apache.coyote.AbstractProtocol.start Starting ProtocolHandler ["http-nio-8085"]
28-Nov-2025 18:32:46.732 INFO [main] org.apache.catalina.startup.Catalina.start Server startup in [3865] milliseconds
